{"C:\\Users\\PAVEL\\stellar-burgers\\src\\services\\store.ts": {"path":"C:\\Users\\PAVEL\\stellar-burgers\\src\\services\\store.ts","all":false,"statementMap":{"0":{"start":{"line":1,"column":0},"end":{"line":1,"column":67}},"1":{"start":{"line":2,"column":0},"end":{"line":2,"column":0}},"2":{"start":{"line":3,"column":0},"end":{"line":3,"column":8}},"3":{"start":{"line":4,"column":0},"end":{"line":4,"column":23}},"4":{"start":{"line":5,"column":0},"end":{"line":5,"column":30}},"5":{"start":{"line":6,"column":0},"end":{"line":6,"column":29}},"6":{"start":{"line":7,"column":0},"end":{"line":7,"column":21}},"7":{"start":{"line":8,"column":0},"end":{"line":8,"column":0}},"8":{"start":{"line":9,"column":0},"end":{"line":9,"column":57}},"9":{"start":{"line":10,"column":0},"end":{"line":10,"column":70}},"10":{"start":{"line":11,"column":0},"end":{"line":11,"column":43}},"11":{"start":{"line":12,"column":0},"end":{"line":12,"column":47}},"12":{"start":{"line":13,"column":0},"end":{"line":13,"column":60}},"13":{"start":{"line":14,"column":0},"end":{"line":14,"column":43}},"14":{"start":{"line":15,"column":0},"end":{"line":15,"column":0}},"15":{"start":{"line":16,"column":0},"end":{"line":16,"column":44}},"16":{"start":{"line":17,"column":0},"end":{"line":17,"column":34}},"17":{"start":{"line":18,"column":0},"end":{"line":18,"column":46}},"18":{"start":{"line":19,"column":0},"end":{"line":19,"column":20}},"19":{"start":{"line":20,"column":0},"end":{"line":20,"column":24}},"20":{"start":{"line":21,"column":0},"end":{"line":21,"column":36}},"21":{"start":{"line":22,"column":0},"end":{"line":22,"column":19}},"22":{"start":{"line":23,"column":0},"end":{"line":23,"column":3}},"23":{"start":{"line":24,"column":0},"end":{"line":24,"column":0}},"24":{"start":{"line":25,"column":0},"end":{"line":25,"column":30}},"25":{"start":{"line":26,"column":0},"end":{"line":26,"column":23}},"26":{"start":{"line":27,"column":0},"end":{"line":27,"column":49}},"27":{"start":{"line":28,"column":0},"end":{"line":28,"column":3}},"28":{"start":{"line":29,"column":0},"end":{"line":29,"column":0}},"29":{"start":{"line":30,"column":0},"end":{"line":30,"column":55}},"30":{"start":{"line":31,"column":0},"end":{"line":31,"column":0}},"31":{"start":{"line":32,"column":0},"end":{"line":32,"column":48}},"32":{"start":{"line":33,"column":0},"end":{"line":33,"column":0}},"33":{"start":{"line":34,"column":0},"end":{"line":34,"column":67}},"34":{"start":{"line":35,"column":0},"end":{"line":35,"column":73}},"35":{"start":{"line":36,"column":0},"end":{"line":36,"column":0}},"36":{"start":{"line":37,"column":0},"end":{"line":37,"column":21}}},"s":{"0":1,"1":1,"2":1,"3":1,"4":1,"5":1,"6":1,"7":1,"8":1,"9":1,"10":1,"11":1,"12":1,"13":1,"14":1,"15":1,"16":1,"17":1,"18":1,"19":1,"20":1,"21":1,"22":1,"23":1,"24":1,"25":1,"26":1,"27":1,"28":1,"29":1,"30":1,"31":1,"32":1,"33":1,"34":1,"35":1,"36":1},"branchMap":{},"b":{},"fnMap":{"0":{"name":"useDispatch","decl":{"start":{"line":34,"column":46},"end":{"line":34,"column":67}},"loc":{"start":{"line":34,"column":46},"end":{"line":34,"column":67}},"line":34}},"f":{"0":0}}
,"C:\\Users\\PAVEL\\stellar-burgers\\src\\services\\burger-constructor\\slice.ts": {"path":"C:\\Users\\PAVEL\\stellar-burgers\\src\\services\\burger-constructor\\slice.ts","all":false,"statementMap":{"0":{"start":{"line":1,"column":0},"end":{"line":1,"column":70}},"1":{"start":{"line":2,"column":0},"end":{"line":2,"column":72}},"2":{"start":{"line":3,"column":0},"end":{"line":3,"column":0}},"3":{"start":{"line":4,"column":0},"end":{"line":4,"column":31}},"4":{"start":{"line":5,"column":0},"end":{"line":5,"column":26}},"5":{"start":{"line":6,"column":0},"end":{"line":6,"column":40}},"6":{"start":{"line":7,"column":0},"end":{"line":7,"column":2}},"7":{"start":{"line":8,"column":0},"end":{"line":8,"column":0}},"8":{"start":{"line":9,"column":0},"end":{"line":9,"column":53}},"9":{"start":{"line":10,"column":0},"end":{"line":10,"column":12}},"10":{"start":{"line":11,"column":0},"end":{"line":11,"column":17}},"11":{"start":{"line":12,"column":0},"end":{"line":12,"column":2}},"12":{"start":{"line":13,"column":0},"end":{"line":13,"column":0}},"13":{"start":{"line":14,"column":0},"end":{"line":14,"column":44}},"14":{"start":{"line":15,"column":0},"end":{"line":15,"column":28}},"15":{"start":{"line":16,"column":0},"end":{"line":16,"column":15}},"16":{"start":{"line":17,"column":0},"end":{"line":17,"column":13}},"17":{"start":{"line":18,"column":0},"end":{"line":18,"column":60}},"18":{"start":{"line":19,"column":0},"end":{"line":19,"column":33}},"19":{"start":{"line":20,"column":0},"end":{"line":20,"column":6}},"20":{"start":{"line":21,"column":0},"end":{"line":21,"column":20}},"21":{"start":{"line":22,"column":0},"end":{"line":22,"column":74}},"22":{"start":{"line":23,"column":0},"end":{"line":23,"column":47}},"23":{"start":{"line":24,"column":0},"end":{"line":24,"column":8}},"24":{"start":{"line":25,"column":0},"end":{"line":25,"column":46}},"25":{"start":{"line":26,"column":0},"end":{"line":26,"column":48}},"26":{"start":{"line":27,"column":0},"end":{"line":27,"column":8}},"27":{"start":{"line":28,"column":0},"end":{"line":28,"column":6}},"28":{"start":{"line":29,"column":0},"end":{"line":29,"column":65}},"29":{"start":{"line":30,"column":0},"end":{"line":30,"column":51}},"30":{"start":{"line":31,"column":0},"end":{"line":31,"column":42}},"31":{"start":{"line":32,"column":0},"end":{"line":32,"column":8}},"32":{"start":{"line":33,"column":0},"end":{"line":33,"column":6}},"33":{"start":{"line":34,"column":0},"end":{"line":34,"column":21}},"34":{"start":{"line":35,"column":0},"end":{"line":35,"column":12}},"35":{"start":{"line":36,"column":0},"end":{"line":36,"column":67}},"36":{"start":{"line":37,"column":0},"end":{"line":37,"column":10}},"37":{"start":{"line":38,"column":0},"end":{"line":38,"column":52}},"38":{"start":{"line":39,"column":0},"end":{"line":39,"column":61}},"39":{"start":{"line":40,"column":0},"end":{"line":40,"column":49}},"40":{"start":{"line":41,"column":0},"end":{"line":41,"column":6}},"41":{"start":{"line":42,"column":0},"end":{"line":42,"column":34}},"42":{"start":{"line":43,"column":0},"end":{"line":43,"column":23}},"43":{"start":{"line":44,"column":0},"end":{"line":44,"column":29}},"44":{"start":{"line":45,"column":0},"end":{"line":45,"column":5}},"45":{"start":{"line":46,"column":0},"end":{"line":46,"column":3}},"46":{"start":{"line":47,"column":0},"end":{"line":47,"column":3}},"47":{"start":{"line":48,"column":0},"end":{"line":48,"column":0}},"48":{"start":{"line":49,"column":0},"end":{"line":49,"column":14}},"49":{"start":{"line":50,"column":0},"end":{"line":50,"column":9}},"50":{"start":{"line":51,"column":0},"end":{"line":51,"column":16}},"51":{"start":{"line":52,"column":0},"end":{"line":52,"column":19}},"52":{"start":{"line":53,"column":0},"end":{"line":53,"column":17}},"53":{"start":{"line":54,"column":0},"end":{"line":54,"column":18}},"54":{"start":{"line":55,"column":0},"end":{"line":55,"column":35}},"55":{"start":{"line":56,"column":0},"end":{"line":56,"column":71}}},"s":{"0":1,"1":1,"2":1,"3":1,"4":1,"5":1,"6":1,"7":1,"8":1,"9":1,"10":1,"11":1,"12":1,"13":1,"14":1,"15":1,"16":1,"17":1,"18":2,"19":1,"20":1,"21":1,"22":2,"23":1,"24":1,"25":2,"26":2,"27":1,"28":1,"29":1,"30":1,"31":1,"32":1,"33":1,"34":1,"35":1,"36":1,"37":1,"38":1,"39":1,"40":1,"41":1,"42":1,"43":1,"44":1,"45":1,"46":1,"47":1,"48":1,"49":1,"50":1,"51":1,"52":1,"53":1,"54":1,"55":1},"branchMap":{"0":{"type":"branch","line":18,"loc":{"start":{"line":18,"column":12},"end":{"line":20,"column":5}},"locations":[{"start":{"line":18,"column":12},"end":{"line":20,"column":5}}]},"1":{"type":"branch","line":22,"loc":{"start":{"line":22,"column":15},"end":{"line":24,"column":7}},"locations":[{"start":{"line":22,"column":15},"end":{"line":24,"column":7}}]},"2":{"type":"branch","line":25,"loc":{"start":{"line":25,"column":15},"end":{"line":27,"column":8}},"locations":[{"start":{"line":25,"column":15},"end":{"line":27,"column":8}}]},"3":{"type":"branch","line":29,"loc":{"start":{"line":29,"column":22},"end":{"line":33,"column":5}},"locations":[{"start":{"line":29,"column":22},"end":{"line":33,"column":5}}]},"4":{"type":"branch","line":31,"loc":{"start":{"line":31,"column":8},"end":{"line":31,"column":42}},"locations":[{"start":{"line":31,"column":8},"end":{"line":31,"column":42}}]},"5":{"type":"branch","line":34,"loc":{"start":{"line":34,"column":20},"end":{"line":41,"column":5}},"locations":[{"start":{"line":34,"column":20},"end":{"line":41,"column":5}}]},"6":{"type":"branch","line":42,"loc":{"start":{"line":42,"column":22},"end":{"line":45,"column":5}},"locations":[{"start":{"line":42,"column":22},"end":{"line":45,"column":5}}]}},"b":{"0":[2],"1":[2],"2":[2],"3":[1],"4":[2],"5":[1],"6":[1]},"fnMap":{"0":{"name":"setBun","decl":{"start":{"line":18,"column":12},"end":{"line":20,"column":5}},"loc":{"start":{"line":18,"column":12},"end":{"line":20,"column":5}},"line":18},"1":{"name":"reducer","decl":{"start":{"line":22,"column":15},"end":{"line":24,"column":7}},"loc":{"start":{"line":22,"column":15},"end":{"line":24,"column":7}},"line":22},"2":{"name":"prepare","decl":{"start":{"line":25,"column":15},"end":{"line":27,"column":8}},"loc":{"start":{"line":25,"column":15},"end":{"line":27,"column":8}},"line":25},"3":{"name":"removeIngredient","decl":{"start":{"line":29,"column":22},"end":{"line":33,"column":5}},"loc":{"start":{"line":29,"column":22},"end":{"line":33,"column":5}},"line":29},"4":{"name":"moveIngredient","decl":{"start":{"line":34,"column":20},"end":{"line":41,"column":5}},"loc":{"start":{"line":34,"column":20},"end":{"line":41,"column":5}},"line":34},"5":{"name":"clearConstructor","decl":{"start":{"line":42,"column":22},"end":{"line":45,"column":5}},"loc":{"start":{"line":42,"column":22},"end":{"line":45,"column":5}},"line":42}},"f":{"0":2,"1":2,"2":2,"3":1,"4":1,"5":1}}
,"C:\\Users\\PAVEL\\stellar-burgers\\src\\services\\feed\\slice.ts": {"path":"C:\\Users\\PAVEL\\stellar-burgers\\src\\services\\feed\\slice.ts","all":false,"statementMap":{"0":{"start":{"line":1,"column":0},"end":{"line":1,"column":80}},"1":{"start":{"line":2,"column":0},"end":{"line":2,"column":56}},"2":{"start":{"line":3,"column":0},"end":{"line":3,"column":53}},"3":{"start":{"line":4,"column":0},"end":{"line":4,"column":0}},"4":{"start":{"line":5,"column":0},"end":{"line":5,"column":18}},"5":{"start":{"line":6,"column":0},"end":{"line":6,"column":27}},"6":{"start":{"line":7,"column":0},"end":{"line":7,"column":21}},"7":{"start":{"line":8,"column":0},"end":{"line":8,"column":23}},"8":{"start":{"line":9,"column":0},"end":{"line":9,"column":2}},"9":{"start":{"line":10,"column":0},"end":{"line":10,"column":0}},"10":{"start":{"line":11,"column":0},"end":{"line":11,"column":85}},"11":{"start":{"line":12,"column":0},"end":{"line":12,"column":0}},"12":{"start":{"line":13,"column":0},"end":{"line":13,"column":55}},"13":{"start":{"line":14,"column":0},"end":{"line":14,"column":15}},"14":{"start":{"line":15,"column":0},"end":{"line":15,"column":33}},"15":{"start":{"line":16,"column":0},"end":{"line":16,"column":2}},"16":{"start":{"line":17,"column":0},"end":{"line":17,"column":0}},"17":{"start":{"line":18,"column":0},"end":{"line":18,"column":31}},"18":{"start":{"line":19,"column":0},"end":{"line":19,"column":15}},"19":{"start":{"line":20,"column":0},"end":{"line":20,"column":15}},"20":{"start":{"line":21,"column":0},"end":{"line":21,"column":15}},"21":{"start":{"line":22,"column":0},"end":{"line":22,"column":31}},"22":{"start":{"line":23,"column":0},"end":{"line":23,"column":11}},"23":{"start":{"line":24,"column":0},"end":{"line":24,"column":46}},"24":{"start":{"line":25,"column":0},"end":{"line":25,"column":31}},"25":{"start":{"line":26,"column":0},"end":{"line":26,"column":27}},"26":{"start":{"line":27,"column":0},"end":{"line":27,"column":8}},"27":{"start":{"line":28,"column":0},"end":{"line":28,"column":15}},"28":{"start":{"line":29,"column":0},"end":{"line":29,"column":28}},"29":{"start":{"line":30,"column":0},"end":{"line":30,"column":56}},"30":{"start":{"line":31,"column":0},"end":{"line":31,"column":34}},"31":{"start":{"line":32,"column":0},"end":{"line":32,"column":38}},"32":{"start":{"line":33,"column":0},"end":{"line":33,"column":9}},"33":{"start":{"line":34,"column":0},"end":{"line":34,"column":7}},"34":{"start":{"line":35,"column":0},"end":{"line":35,"column":55}},"35":{"start":{"line":36,"column":0},"end":{"line":36,"column":32}},"36":{"start":{"line":37,"column":0},"end":{"line":37,"column":21}},"37":{"start":{"line":38,"column":0},"end":{"line":38,"column":69}},"38":{"start":{"line":39,"column":0},"end":{"line":39,"column":9}},"39":{"start":{"line":40,"column":0},"end":{"line":40,"column":3}},"40":{"start":{"line":41,"column":0},"end":{"line":41,"column":3}},"41":{"start":{"line":42,"column":0},"end":{"line":42,"column":0}},"42":{"start":{"line":43,"column":0},"end":{"line":43,"column":45}},"43":{"start":{"line":44,"column":0},"end":{"line":44,"column":0}},"44":{"start":{"line":45,"column":0},"end":{"line":45,"column":74}},"45":{"start":{"line":46,"column":0},"end":{"line":46,"column":64}},"46":{"start":{"line":47,"column":0},"end":{"line":47,"column":23}},"47":{"start":{"line":48,"column":0},"end":{"line":48,"column":80}}},"s":{"0":1,"1":1,"2":1,"3":1,"4":1,"5":1,"6":1,"7":1,"8":1,"9":1,"10":1,"11":1,"12":1,"13":1,"14":1,"15":1,"16":1,"17":1,"18":1,"19":1,"20":1,"21":1,"22":2,"23":2,"24":4,"25":4,"26":2,"27":2,"28":2,"29":2,"30":2,"31":2,"32":2,"33":2,"34":2,"35":3,"36":3,"37":3,"38":2,"39":2,"40":1,"41":1,"42":1,"43":1,"44":1,"45":1,"46":4,"47":1},"branchMap":{"0":{"type":"branch","line":2,"loc":{"start":{"line":2,"column":0},"end":{"line":2,"column":56}},"locations":[{"start":{"line":2,"column":0},"end":{"line":2,"column":56}}]},"1":{"type":"branch","line":2,"loc":{"start":{"line":2,"column":0},"end":{"line":2,"column":56}},"locations":[{"start":{"line":2,"column":0},"end":{"line":2,"column":56}}]},"2":{"type":"branch","line":2,"loc":{"start":{"line":2,"column":0},"end":{"line":2,"column":56}},"locations":[{"start":{"line":2,"column":0},"end":{"line":2,"column":56}}]},"3":{"type":"branch","line":2,"loc":{"start":{"line":2,"column":0},"end":{"line":2,"column":56}},"locations":[{"start":{"line":2,"column":0},"end":{"line":2,"column":56}}]},"4":{"type":"branch","line":2,"loc":{"start":{"line":2,"column":0},"end":{"line":2,"column":56}},"locations":[{"start":{"line":2,"column":0},"end":{"line":2,"column":56}}]},"5":{"type":"branch","line":2,"loc":{"start":{"line":2,"column":0},"end":{"line":2,"column":56}},"locations":[{"start":{"line":2,"column":0},"end":{"line":2,"column":56}}]},"6":{"type":"branch","line":2,"loc":{"start":{"line":2,"column":0},"end":{"line":2,"column":56}},"locations":[{"start":{"line":2,"column":0},"end":{"line":2,"column":56}}]},"7":{"type":"branch","line":2,"loc":{"start":{"line":2,"column":0},"end":{"line":2,"column":56}},"locations":[{"start":{"line":2,"column":0},"end":{"line":2,"column":56}}]},"8":{"type":"branch","line":2,"loc":{"start":{"line":2,"column":0},"end":{"line":2,"column":56}},"locations":[{"start":{"line":2,"column":0},"end":{"line":2,"column":56}}]},"9":{"type":"branch","line":2,"loc":{"start":{"line":2,"column":0},"end":{"line":2,"column":56}},"locations":[{"start":{"line":2,"column":0},"end":{"line":2,"column":56}}]},"10":{"type":"branch","line":15,"loc":{"start":{"line":15,"column":2},"end":{"line":15,"column":33}},"locations":[{"start":{"line":15,"column":2},"end":{"line":15,"column":33}}]},"11":{"type":"branch","line":15,"loc":{"start":{"line":15,"column":2},"end":{"line":15,"column":33}},"locations":[{"start":{"line":15,"column":2},"end":{"line":15,"column":33}}]},"12":{"type":"branch","line":15,"loc":{"start":{"line":15,"column":2},"end":{"line":15,"column":33}},"locations":[{"start":{"line":15,"column":2},"end":{"line":15,"column":33}}]},"13":{"type":"branch","line":22,"loc":{"start":{"line":22,"column":17},"end":{"line":40,"column":3}},"locations":[{"start":{"line":22,"column":17},"end":{"line":40,"column":3}}]},"14":{"type":"branch","line":24,"loc":{"start":{"line":24,"column":34},"end":{"line":27,"column":7}},"locations":[{"start":{"line":24,"column":34},"end":{"line":27,"column":7}}]},"15":{"type":"branch","line":30,"loc":{"start":{"line":30,"column":8},"end":{"line":33,"column":9}},"locations":[{"start":{"line":30,"column":8},"end":{"line":33,"column":9}}]},"16":{"type":"branch","line":35,"loc":{"start":{"line":35,"column":35},"end":{"line":39,"column":7}},"locations":[{"start":{"line":35,"column":35},"end":{"line":39,"column":7}}]},"17":{"type":"branch","line":38,"loc":{"start":{"line":38,"column":30},"end":{"line":38,"column":34}},"locations":[{"start":{"line":38,"column":30},"end":{"line":38,"column":34}}]},"18":{"type":"branch","line":38,"loc":{"start":{"line":38,"column":30},"end":{"line":38,"column":68}},"locations":[{"start":{"line":38,"column":30},"end":{"line":38,"column":68}}]},"19":{"type":"branch","line":45,"loc":{"start":{"line":45,"column":26},"end":{"line":45,"column":74}},"locations":[{"start":{"line":45,"column":26},"end":{"line":45,"column":74}}]},"20":{"type":"branch","line":46,"loc":{"start":{"line":46,"column":33},"end":{"line":47,"column":23}},"locations":[{"start":{"line":46,"column":33},"end":{"line":47,"column":23}}]},"21":{"type":"branch","line":48,"loc":{"start":{"line":48,"column":31},"end":{"line":48,"column":80}},"locations":[{"start":{"line":48,"column":31},"end":{"line":48,"column":80}}]}},"b":{"0":[4],"1":[1],"2":[3],"3":[1],"4":[2],"5":[2],"6":[2],"7":[2],"8":[3],"9":[1],"10":[2],"11":[5],"12":[2],"13":[2],"14":[4],"15":[2],"16":[3],"17":[2],"18":[1],"19":[3],"20":[4],"21":[3]},"fnMap":{"0":{"name":"asyncGeneratorStep","decl":{"start":{"line":2,"column":0},"end":{"line":2,"column":56}},"loc":{"start":{"line":2,"column":0},"end":{"line":2,"column":56}},"line":2},"1":{"name":"_asyncToGenerator","decl":{"start":{"line":2,"column":0},"end":{"line":2,"column":56}},"loc":{"start":{"line":2,"column":0},"end":{"line":2,"column":56}},"line":2},"2":{"name":"_next","decl":{"start":{"line":2,"column":0},"end":{"line":2,"column":56}},"loc":{"start":{"line":2,"column":0},"end":{"line":2,"column":56}},"line":2},"3":{"name":"_throw","decl":{"start":{"line":2,"column":0},"end":{"line":2,"column":56}},"loc":{"start":{"line":2,"column":0},"end":{"line":2,"column":56}},"line":2},"4":{"name":"_callee","decl":{"start":{"line":15,"column":2},"end":{"line":15,"column":33}},"loc":{"start":{"line":15,"column":2},"end":{"line":15,"column":33}},"line":15},"5":{"name":"_callee$","decl":{"start":{"line":15,"column":2},"end":{"line":15,"column":33}},"loc":{"start":{"line":15,"column":2},"end":{"line":15,"column":33}},"line":15},"6":{"name":"extraReducers","decl":{"start":{"line":22,"column":17},"end":{"line":40,"column":3}},"loc":{"start":{"line":22,"column":17},"end":{"line":40,"column":3}},"line":22},"7":{"name":"selectFeed","decl":{"start":{"line":45,"column":26},"end":{"line":45,"column":74}},"loc":{"start":{"line":45,"column":26},"end":{"line":45,"column":74}},"line":45},"8":{"name":"selectFeedLoading","decl":{"start":{"line":46,"column":33},"end":{"line":47,"column":23}},"loc":{"start":{"line":46,"column":33},"end":{"line":47,"column":23}},"line":46},"9":{"name":"selectFeedError","decl":{"start":{"line":48,"column":31},"end":{"line":48,"column":80}},"loc":{"start":{"line":48,"column":31},"end":{"line":48,"column":80}},"line":48}},"f":{"0":4,"1":2,"2":3,"3":1,"4":2,"5":5,"6":2,"7":3,"8":4,"9":3}}
,"C:\\Users\\PAVEL\\stellar-burgers\\src\\services\\ingredients\\slice.ts": {"path":"C:\\Users\\PAVEL\\stellar-burgers\\src\\services\\ingredients\\slice.ts","all":false,"statementMap":{"0":{"start":{"line":1,"column":0},"end":{"line":1,"column":80}},"1":{"start":{"line":2,"column":0},"end":{"line":2,"column":48}},"2":{"start":{"line":3,"column":0},"end":{"line":3,"column":59}},"3":{"start":{"line":4,"column":0},"end":{"line":4,"column":0}},"4":{"start":{"line":5,"column":0},"end":{"line":5,"column":25}},"5":{"start":{"line":6,"column":0},"end":{"line":6,"column":23}},"6":{"start":{"line":7,"column":0},"end":{"line":7,"column":22}},"7":{"start":{"line":8,"column":0},"end":{"line":8,"column":21}},"8":{"start":{"line":9,"column":0},"end":{"line":9,"column":23}},"9":{"start":{"line":10,"column":0},"end":{"line":10,"column":2}},"10":{"start":{"line":11,"column":0},"end":{"line":11,"column":0}},"11":{"start":{"line":12,"column":0},"end":{"line":12,"column":47}},"12":{"start":{"line":13,"column":0},"end":{"line":13,"column":12}},"13":{"start":{"line":14,"column":0},"end":{"line":14,"column":11}},"14":{"start":{"line":15,"column":0},"end":{"line":15,"column":19}},"15":{"start":{"line":16,"column":0},"end":{"line":16,"column":13}},"16":{"start":{"line":17,"column":0},"end":{"line":17,"column":2}},"17":{"start":{"line":18,"column":0},"end":{"line":18,"column":0}},"18":{"start":{"line":19,"column":0},"end":{"line":19,"column":64}},"19":{"start":{"line":20,"column":0},"end":{"line":20,"column":25}},"20":{"start":{"line":21,"column":0},"end":{"line":21,"column":15}},"21":{"start":{"line":22,"column":0},"end":{"line":22,"column":44}},"22":{"start":{"line":23,"column":0},"end":{"line":23,"column":17}},"23":{"start":{"line":24,"column":0},"end":{"line":24,"column":3}},"24":{"start":{"line":25,"column":0},"end":{"line":25,"column":2}},"25":{"start":{"line":26,"column":0},"end":{"line":26,"column":0}},"26":{"start":{"line":27,"column":0},"end":{"line":27,"column":38}},"27":{"start":{"line":28,"column":0},"end":{"line":28,"column":22}},"28":{"start":{"line":29,"column":0},"end":{"line":29,"column":15}},"29":{"start":{"line":30,"column":0},"end":{"line":30,"column":15}},"30":{"start":{"line":31,"column":0},"end":{"line":31,"column":31}},"31":{"start":{"line":32,"column":0},"end":{"line":32,"column":11}},"32":{"start":{"line":33,"column":0},"end":{"line":33,"column":53}},"33":{"start":{"line":34,"column":0},"end":{"line":34,"column":31}},"34":{"start":{"line":35,"column":0},"end":{"line":35,"column":27}},"35":{"start":{"line":36,"column":0},"end":{"line":36,"column":8}},"36":{"start":{"line":37,"column":0},"end":{"line":37,"column":15}},"37":{"start":{"line":38,"column":0},"end":{"line":38,"column":35}},"38":{"start":{"line":39,"column":0},"end":{"line":39,"column":58}},"39":{"start":{"line":40,"column":0},"end":{"line":40,"column":34}},"40":{"start":{"line":41,"column":0},"end":{"line":41,"column":39}},"41":{"start":{"line":42,"column":0},"end":{"line":42,"column":38}},"42":{"start":{"line":43,"column":0},"end":{"line":43,"column":9}},"43":{"start":{"line":44,"column":0},"end":{"line":44,"column":7}},"44":{"start":{"line":45,"column":0},"end":{"line":45,"column":62}},"45":{"start":{"line":46,"column":0},"end":{"line":46,"column":32}},"46":{"start":{"line":47,"column":0},"end":{"line":47,"column":21}},"47":{"start":{"line":48,"column":0},"end":{"line":48,"column":69}},"48":{"start":{"line":49,"column":0},"end":{"line":49,"column":9}},"49":{"start":{"line":50,"column":0},"end":{"line":50,"column":3}},"50":{"start":{"line":51,"column":0},"end":{"line":51,"column":3}},"51":{"start":{"line":52,"column":0},"end":{"line":52,"column":0}},"52":{"start":{"line":53,"column":0},"end":{"line":53,"column":59}},"53":{"start":{"line":54,"column":0},"end":{"line":54,"column":0}},"54":{"start":{"line":55,"column":0},"end":{"line":55,"column":47}},"55":{"start":{"line":56,"column":0},"end":{"line":56,"column":32}},"56":{"start":{"line":57,"column":0},"end":{"line":57,"column":30}},"57":{"start":{"line":58,"column":0},"end":{"line":58,"column":49}},"58":{"start":{"line":59,"column":0},"end":{"line":59,"column":32}},"59":{"start":{"line":60,"column":0},"end":{"line":60,"column":34}},"60":{"start":{"line":61,"column":0},"end":{"line":61,"column":47}},"61":{"start":{"line":62,"column":0},"end":{"line":62,"column":32}},"62":{"start":{"line":63,"column":0},"end":{"line":63,"column":30}}},"s":{"0":1,"1":1,"2":1,"3":1,"4":1,"5":1,"6":1,"7":1,"8":1,"9":1,"10":1,"11":1,"12":1,"13":1,"14":1,"15":1,"16":1,"17":1,"18":1,"19":1,"20":1,"21":2,"22":1,"23":2,"24":1,"25":1,"26":1,"27":1,"28":1,"29":1,"30":1,"31":2,"32":2,"33":3,"34":3,"35":2,"36":2,"37":2,"38":2,"39":2,"40":2,"41":2,"42":2,"43":2,"44":2,"45":3,"46":3,"47":3,"48":2,"49":2,"50":1,"51":1,"52":1,"53":1,"54":1,"55":3,"56":3,"57":1,"58":5,"59":5,"60":1,"61":3,"62":3},"branchMap":{"0":{"type":"branch","line":2,"loc":{"start":{"line":2,"column":0},"end":{"line":2,"column":48}},"locations":[{"start":{"line":2,"column":0},"end":{"line":2,"column":48}}]},"1":{"type":"branch","line":2,"loc":{"start":{"line":2,"column":0},"end":{"line":2,"column":48}},"locations":[{"start":{"line":2,"column":0},"end":{"line":2,"column":48}}]},"2":{"type":"branch","line":2,"loc":{"start":{"line":2,"column":0},"end":{"line":2,"column":48}},"locations":[{"start":{"line":2,"column":0},"end":{"line":2,"column":48}}]},"3":{"type":"branch","line":2,"loc":{"start":{"line":2,"column":0},"end":{"line":2,"column":48}},"locations":[{"start":{"line":2,"column":0},"end":{"line":2,"column":48}}]},"4":{"type":"branch","line":2,"loc":{"start":{"line":2,"column":0},"end":{"line":2,"column":48}},"locations":[{"start":{"line":2,"column":0},"end":{"line":2,"column":48}}]},"5":{"type":"branch","line":2,"loc":{"start":{"line":2,"column":0},"end":{"line":2,"column":48}},"locations":[{"start":{"line":2,"column":0},"end":{"line":2,"column":48}}]},"6":{"type":"branch","line":2,"loc":{"start":{"line":2,"column":0},"end":{"line":2,"column":48}},"locations":[{"start":{"line":2,"column":0},"end":{"line":2,"column":48}}]},"7":{"type":"branch","line":2,"loc":{"start":{"line":2,"column":0},"end":{"line":2,"column":48}},"locations":[{"start":{"line":2,"column":0},"end":{"line":2,"column":48}}]},"8":{"type":"branch","line":2,"loc":{"start":{"line":2,"column":0},"end":{"line":2,"column":48}},"locations":[{"start":{"line":2,"column":0},"end":{"line":2,"column":48}}]},"9":{"type":"branch","line":2,"loc":{"start":{"line":2,"column":0},"end":{"line":2,"column":48}},"locations":[{"start":{"line":2,"column":0},"end":{"line":2,"column":48}}]},"10":{"type":"branch","line":21,"loc":{"start":{"line":21,"column":2},"end":{"line":24,"column":3}},"locations":[{"start":{"line":21,"column":2},"end":{"line":24,"column":3}}]},"11":{"type":"branch","line":21,"loc":{"start":{"line":21,"column":2},"end":{"line":23,"column":17}},"locations":[{"start":{"line":21,"column":2},"end":{"line":23,"column":17}}]},"12":{"type":"branch","line":21,"loc":{"start":{"line":21,"column":2},"end":{"line":22,"column":44}},"locations":[{"start":{"line":21,"column":2},"end":{"line":22,"column":44}}]},"13":{"type":"branch","line":22,"loc":{"start":{"line":22,"column":43},"end":{"line":23,"column":17}},"locations":[{"start":{"line":22,"column":43},"end":{"line":23,"column":17}}]},"14":{"type":"branch","line":23,"loc":{"start":{"line":23,"column":16},"end":{"line":23,"column":17}},"locations":[{"start":{"line":23,"column":16},"end":{"line":23,"column":17}}]},"15":{"type":"branch","line":23,"loc":{"start":{"line":23,"column":16},"end":{"line":23,"column":17}},"locations":[{"start":{"line":23,"column":16},"end":{"line":23,"column":17}}]},"16":{"type":"branch","line":31,"loc":{"start":{"line":31,"column":17},"end":{"line":50,"column":3}},"locations":[{"start":{"line":31,"column":17},"end":{"line":50,"column":3}}]},"17":{"type":"branch","line":33,"loc":{"start":{"line":33,"column":41},"end":{"line":36,"column":7}},"locations":[{"start":{"line":33,"column":41},"end":{"line":36,"column":7}}]},"18":{"type":"branch","line":39,"loc":{"start":{"line":39,"column":8},"end":{"line":43,"column":9}},"locations":[{"start":{"line":39,"column":8},"end":{"line":43,"column":9}}]},"19":{"type":"branch","line":45,"loc":{"start":{"line":45,"column":42},"end":{"line":49,"column":7}},"locations":[{"start":{"line":45,"column":42},"end":{"line":49,"column":7}}]},"20":{"type":"branch","line":48,"loc":{"start":{"line":48,"column":30},"end":{"line":48,"column":34}},"locations":[{"start":{"line":48,"column":30},"end":{"line":48,"column":34}}]},"21":{"type":"branch","line":48,"loc":{"start":{"line":48,"column":30},"end":{"line":48,"column":68}},"locations":[{"start":{"line":48,"column":30},"end":{"line":48,"column":68}}]},"22":{"type":"branch","line":55,"loc":{"start":{"line":55,"column":38},"end":{"line":57,"column":30}},"locations":[{"start":{"line":55,"column":38},"end":{"line":57,"column":30}}]},"23":{"type":"branch","line":58,"loc":{"start":{"line":58,"column":40},"end":{"line":60,"column":34}},"locations":[{"start":{"line":58,"column":40},"end":{"line":60,"column":34}}]},"24":{"type":"branch","line":61,"loc":{"start":{"line":61,"column":38},"end":{"line":63,"column":30}},"locations":[{"start":{"line":61,"column":38},"end":{"line":63,"column":30}}]}},"b":{"0":[4],"1":[1],"2":[3],"3":[1],"4":[2],"5":[2],"6":[2],"7":[2],"8":[3],"9":[1],"10":[2],"11":[5],"12":[2],"13":[1],"14":[0],"15":[2],"16":[2],"17":[3],"18":[2],"19":[3],"20":[2],"21":[1],"22":[3],"23":[5],"24":[3]},"fnMap":{"0":{"name":"asyncGeneratorStep","decl":{"start":{"line":2,"column":0},"end":{"line":2,"column":48}},"loc":{"start":{"line":2,"column":0},"end":{"line":2,"column":48}},"line":2},"1":{"name":"_asyncToGenerator","decl":{"start":{"line":2,"column":0},"end":{"line":2,"column":48}},"loc":{"start":{"line":2,"column":0},"end":{"line":2,"column":48}},"line":2},"2":{"name":"_next","decl":{"start":{"line":2,"column":0},"end":{"line":2,"column":48}},"loc":{"start":{"line":2,"column":0},"end":{"line":2,"column":48}},"line":2},"3":{"name":"_throw","decl":{"start":{"line":2,"column":0},"end":{"line":2,"column":48}},"loc":{"start":{"line":2,"column":0},"end":{"line":2,"column":48}},"line":2},"4":{"name":"_callee","decl":{"start":{"line":21,"column":2},"end":{"line":24,"column":3}},"loc":{"start":{"line":21,"column":2},"end":{"line":24,"column":3}},"line":21},"5":{"name":"_callee$","decl":{"start":{"line":21,"column":2},"end":{"line":23,"column":17}},"loc":{"start":{"line":21,"column":2},"end":{"line":23,"column":17}},"line":21},"6":{"name":"extraReducers","decl":{"start":{"line":31,"column":17},"end":{"line":50,"column":3}},"loc":{"start":{"line":31,"column":17},"end":{"line":50,"column":3}},"line":31},"7":{"name":"selectIngredientsItems","decl":{"start":{"line":55,"column":38},"end":{"line":57,"column":30}},"loc":{"start":{"line":55,"column":38},"end":{"line":57,"column":30}},"line":55},"8":{"name":"selectIngredientsLoading","decl":{"start":{"line":58,"column":40},"end":{"line":60,"column":34}},"loc":{"start":{"line":58,"column":40},"end":{"line":60,"column":34}},"line":58},"9":{"name":"selectIngredientsError","decl":{"start":{"line":61,"column":38},"end":{"line":63,"column":30}},"loc":{"start":{"line":61,"column":38},"end":{"line":63,"column":30}},"line":61}},"f":{"0":4,"1":2,"2":3,"3":1,"4":2,"5":5,"6":2,"7":3,"8":5,"9":3}}
,"C:\\Users\\PAVEL\\stellar-burgers\\src\\services\\order-details\\slice.ts": {"path":"C:\\Users\\PAVEL\\stellar-burgers\\src\\services\\order-details\\slice.ts","all":false,"statementMap":{"0":{"start":{"line":1,"column":0},"end":{"line":1,"column":80}},"1":{"start":{"line":2,"column":0},"end":{"line":2,"column":43}},"2":{"start":{"line":3,"column":0},"end":{"line":3,"column":61}},"3":{"start":{"line":4,"column":0},"end":{"line":4,"column":0}},"4":{"start":{"line":5,"column":0},"end":{"line":5,"column":26}},"5":{"start":{"line":6,"column":0},"end":{"line":6,"column":22}},"6":{"start":{"line":7,"column":0},"end":{"line":7,"column":21}},"7":{"start":{"line":8,"column":0},"end":{"line":8,"column":23}},"8":{"start":{"line":9,"column":0},"end":{"line":9,"column":2}},"9":{"start":{"line":10,"column":0},"end":{"line":10,"column":0}},"10":{"start":{"line":11,"column":0},"end":{"line":11,"column":48}},"11":{"start":{"line":12,"column":0},"end":{"line":12,"column":13}},"12":{"start":{"line":13,"column":0},"end":{"line":13,"column":19}},"13":{"start":{"line":14,"column":0},"end":{"line":14,"column":13}},"14":{"start":{"line":15,"column":0},"end":{"line":15,"column":2}},"15":{"start":{"line":16,"column":0},"end":{"line":16,"column":0}},"16":{"start":{"line":17,"column":0},"end":{"line":17,"column":67}},"17":{"start":{"line":18,"column":0},"end":{"line":18,"column":31}},"18":{"start":{"line":19,"column":0},"end":{"line":19,"column":18}},"19":{"start":{"line":20,"column":0},"end":{"line":20,"column":47}},"20":{"start":{"line":21,"column":0},"end":{"line":21,"column":25}},"21":{"start":{"line":22,"column":0},"end":{"line":22,"column":3}},"22":{"start":{"line":23,"column":0},"end":{"line":23,"column":2}},"23":{"start":{"line":24,"column":0},"end":{"line":24,"column":0}},"24":{"start":{"line":25,"column":0},"end":{"line":25,"column":39}},"25":{"start":{"line":26,"column":0},"end":{"line":26,"column":23}},"26":{"start":{"line":27,"column":0},"end":{"line":27,"column":15}},"27":{"start":{"line":28,"column":0},"end":{"line":28,"column":13}},"28":{"start":{"line":29,"column":0},"end":{"line":29,"column":18}},"29":{"start":{"line":30,"column":0},"end":{"line":30,"column":24}},"30":{"start":{"line":31,"column":0},"end":{"line":31,"column":25}},"31":{"start":{"line":32,"column":0},"end":{"line":32,"column":5}},"32":{"start":{"line":33,"column":0},"end":{"line":33,"column":4}},"33":{"start":{"line":34,"column":0},"end":{"line":34,"column":31}},"34":{"start":{"line":35,"column":0},"end":{"line":35,"column":11}},"35":{"start":{"line":36,"column":0},"end":{"line":36,"column":55}},"36":{"start":{"line":37,"column":0},"end":{"line":37,"column":31}},"37":{"start":{"line":38,"column":0},"end":{"line":38,"column":27}},"38":{"start":{"line":39,"column":0},"end":{"line":39,"column":8}},"39":{"start":{"line":40,"column":0},"end":{"line":40,"column":15}},"40":{"start":{"line":41,"column":0},"end":{"line":41,"column":37}},"41":{"start":{"line":42,"column":0},"end":{"line":42,"column":46}},"42":{"start":{"line":43,"column":0},"end":{"line":43,"column":34}},"43":{"start":{"line":44,"column":0},"end":{"line":44,"column":33}},"44":{"start":{"line":45,"column":0},"end":{"line":45,"column":9}},"45":{"start":{"line":46,"column":0},"end":{"line":46,"column":7}},"46":{"start":{"line":47,"column":0},"end":{"line":47,"column":64}},"47":{"start":{"line":48,"column":0},"end":{"line":48,"column":32}},"48":{"start":{"line":49,"column":0},"end":{"line":49,"column":74}},"49":{"start":{"line":50,"column":0},"end":{"line":50,"column":9}},"50":{"start":{"line":51,"column":0},"end":{"line":51,"column":3}},"51":{"start":{"line":52,"column":0},"end":{"line":52,"column":3}},"52":{"start":{"line":53,"column":0},"end":{"line":53,"column":0}},"53":{"start":{"line":54,"column":0},"end":{"line":54,"column":70}},"54":{"start":{"line":55,"column":0},"end":{"line":55,"column":61}},"55":{"start":{"line":56,"column":0},"end":{"line":56,"column":0}},"56":{"start":{"line":57,"column":0},"end":{"line":57,"column":78}},"57":{"start":{"line":58,"column":0},"end":{"line":58,"column":23}},"58":{"start":{"line":59,"column":0},"end":{"line":59,"column":47}},"59":{"start":{"line":60,"column":0},"end":{"line":60,"column":34}},"60":{"start":{"line":61,"column":0},"end":{"line":61,"column":32}}},"s":{"0":1,"1":1,"2":1,"3":1,"4":1,"5":1,"6":1,"7":1,"8":1,"9":1,"10":1,"11":1,"12":1,"13":1,"14":1,"15":1,"16":1,"17":1,"18":2,"19":2,"20":1,"21":2,"22":1,"23":1,"24":1,"25":1,"26":1,"27":1,"28":1,"29":1,"30":1,"31":1,"32":1,"33":1,"34":2,"35":2,"36":4,"37":4,"38":2,"39":2,"40":2,"41":2,"42":2,"43":2,"44":2,"45":2,"46":2,"47":3,"48":3,"49":2,"50":2,"51":1,"52":1,"53":1,"54":1,"55":1,"56":1,"57":2,"58":1,"59":5,"60":5},"branchMap":{"0":{"type":"branch","line":2,"loc":{"start":{"line":2,"column":0},"end":{"line":2,"column":43}},"locations":[{"start":{"line":2,"column":0},"end":{"line":2,"column":43}}]},"1":{"type":"branch","line":2,"loc":{"start":{"line":2,"column":0},"end":{"line":2,"column":43}},"locations":[{"start":{"line":2,"column":0},"end":{"line":2,"column":43}}]},"2":{"type":"branch","line":2,"loc":{"start":{"line":2,"column":0},"end":{"line":2,"column":43}},"locations":[{"start":{"line":2,"column":0},"end":{"line":2,"column":43}}]},"3":{"type":"branch","line":2,"loc":{"start":{"line":2,"column":0},"end":{"line":2,"column":43}},"locations":[{"start":{"line":2,"column":0},"end":{"line":2,"column":43}}]},"4":{"type":"branch","line":2,"loc":{"start":{"line":2,"column":0},"end":{"line":2,"column":43}},"locations":[{"start":{"line":2,"column":0},"end":{"line":2,"column":43}}]},"5":{"type":"branch","line":2,"loc":{"start":{"line":2,"column":0},"end":{"line":2,"column":43}},"locations":[{"start":{"line":2,"column":0},"end":{"line":2,"column":43}}]},"6":{"type":"branch","line":2,"loc":{"start":{"line":2,"column":0},"end":{"line":2,"column":43}},"locations":[{"start":{"line":2,"column":0},"end":{"line":2,"column":43}}]},"7":{"type":"branch","line":2,"loc":{"start":{"line":2,"column":0},"end":{"line":2,"column":43}},"locations":[{"start":{"line":2,"column":0},"end":{"line":2,"column":43}}]},"8":{"type":"branch","line":2,"loc":{"start":{"line":2,"column":0},"end":{"line":2,"column":43}},"locations":[{"start":{"line":2,"column":0},"end":{"line":2,"column":43}}]},"9":{"type":"branch","line":2,"loc":{"start":{"line":2,"column":0},"end":{"line":2,"column":43}},"locations":[{"start":{"line":2,"column":0},"end":{"line":2,"column":43}}]},"10":{"type":"branch","line":18,"loc":{"start":{"line":18,"column":30},"end":{"line":22,"column":3}},"locations":[{"start":{"line":18,"column":30},"end":{"line":22,"column":3}}]},"11":{"type":"branch","line":19,"loc":{"start":{"line":19,"column":2},"end":{"line":21,"column":25}},"locations":[{"start":{"line":19,"column":2},"end":{"line":21,"column":25}}]},"12":{"type":"branch","line":19,"loc":{"start":{"line":19,"column":12},"end":{"line":21,"column":25}},"locations":[{"start":{"line":19,"column":12},"end":{"line":21,"column":25}}]},"13":{"type":"branch","line":19,"loc":{"start":{"line":19,"column":12},"end":{"line":20,"column":47}},"locations":[{"start":{"line":19,"column":12},"end":{"line":20,"column":47}}]},"14":{"type":"branch","line":20,"loc":{"start":{"line":20,"column":46},"end":{"line":21,"column":25}},"locations":[{"start":{"line":20,"column":46},"end":{"line":21,"column":25}}]},"15":{"type":"branch","line":21,"loc":{"start":{"line":21,"column":24},"end":{"line":21,"column":25}},"locations":[{"start":{"line":21,"column":24},"end":{"line":21,"column":25}}]},"16":{"type":"branch","line":21,"loc":{"start":{"line":21,"column":24},"end":{"line":21,"column":25}},"locations":[{"start":{"line":21,"column":24},"end":{"line":21,"column":25}}]},"17":{"type":"branch","line":29,"loc":{"start":{"line":29,"column":9},"end":{"line":32,"column":5}},"locations":[{"start":{"line":29,"column":9},"end":{"line":32,"column":5}}]},"18":{"type":"branch","line":34,"loc":{"start":{"line":34,"column":17},"end":{"line":51,"column":3}},"locations":[{"start":{"line":34,"column":17},"end":{"line":51,"column":3}}]},"19":{"type":"branch","line":36,"loc":{"start":{"line":36,"column":43},"end":{"line":39,"column":7}},"locations":[{"start":{"line":36,"column":43},"end":{"line":39,"column":7}}]},"20":{"type":"branch","line":42,"loc":{"start":{"line":42,"column":8},"end":{"line":45,"column":9}},"locations":[{"start":{"line":42,"column":8},"end":{"line":45,"column":9}}]},"21":{"type":"branch","line":47,"loc":{"start":{"line":47,"column":44},"end":{"line":50,"column":7}},"locations":[{"start":{"line":47,"column":44},"end":{"line":50,"column":7}}]},"22":{"type":"branch","line":49,"loc":{"start":{"line":49,"column":42},"end":{"line":49,"column":46}},"locations":[{"start":{"line":49,"column":42},"end":{"line":49,"column":46}}]},"23":{"type":"branch","line":49,"loc":{"start":{"line":49,"column":42},"end":{"line":49,"column":73}},"locations":[{"start":{"line":49,"column":42},"end":{"line":49,"column":73}}]},"24":{"type":"branch","line":57,"loc":{"start":{"line":57,"column":34},"end":{"line":58,"column":23}},"locations":[{"start":{"line":57,"column":34},"end":{"line":58,"column":23}}]},"25":{"type":"branch","line":59,"loc":{"start":{"line":59,"column":41},"end":{"line":61,"column":32}},"locations":[{"start":{"line":59,"column":41},"end":{"line":61,"column":32}}]}},"b":{"0":[4],"1":[1],"2":[3],"3":[1],"4":[2],"5":[2],"6":[2],"7":[2],"8":[3],"9":[1],"10":[2],"11":[2],"12":[5],"13":[2],"14":[1],"15":[0],"16":[2],"17":[1],"18":[2],"19":[4],"20":[2],"21":[3],"22":[2],"23":[1],"24":[2],"25":[5]},"fnMap":{"0":{"name":"asyncGeneratorStep","decl":{"start":{"line":2,"column":0},"end":{"line":2,"column":43}},"loc":{"start":{"line":2,"column":0},"end":{"line":2,"column":43}},"line":2},"1":{"name":"_asyncToGenerator","decl":{"start":{"line":2,"column":0},"end":{"line":2,"column":43}},"loc":{"start":{"line":2,"column":0},"end":{"line":2,"column":43}},"line":2},"2":{"name":"_next","decl":{"start":{"line":2,"column":0},"end":{"line":2,"column":43}},"loc":{"start":{"line":2,"column":0},"end":{"line":2,"column":43}},"line":2},"3":{"name":"_throw","decl":{"start":{"line":2,"column":0},"end":{"line":2,"column":43}},"loc":{"start":{"line":2,"column":0},"end":{"line":2,"column":43}},"line":2},"4":{"name":"_callee","decl":{"start":{"line":19,"column":2},"end":{"line":21,"column":25}},"loc":{"start":{"line":19,"column":2},"end":{"line":21,"column":25}},"line":19},"5":{"name":"_callee$","decl":{"start":{"line":19,"column":12},"end":{"line":21,"column":25}},"loc":{"start":{"line":19,"column":12},"end":{"line":21,"column":25}},"line":19},"6":{"name":"clear","decl":{"start":{"line":29,"column":9},"end":{"line":32,"column":5}},"loc":{"start":{"line":29,"column":9},"end":{"line":32,"column":5}},"line":29},"7":{"name":"extraReducers","decl":{"start":{"line":34,"column":17},"end":{"line":51,"column":3}},"loc":{"start":{"line":34,"column":17},"end":{"line":51,"column":3}},"line":34},"8":{"name":"selectOrderDetails","decl":{"start":{"line":57,"column":34},"end":{"line":58,"column":23}},"loc":{"start":{"line":57,"column":34},"end":{"line":58,"column":23}},"line":57},"9":{"name":"selectOrderDetailsLoading","decl":{"start":{"line":59,"column":41},"end":{"line":61,"column":32}},"loc":{"start":{"line":59,"column":41},"end":{"line":61,"column":32}},"line":59}},"f":{"0":4,"1":2,"2":3,"3":1,"4":2,"5":5,"6":1,"7":2,"8":2,"9":5}}
,"C:\\Users\\PAVEL\\stellar-burgers\\src\\services\\orders\\slice.ts": {"path":"C:\\Users\\PAVEL\\stellar-burgers\\src\\services\\orders\\slice.ts","all":false,"statementMap":{"0":{"start":{"line":1,"column":0},"end":{"line":1,"column":80}},"1":{"start":{"line":2,"column":0},"end":{"line":2,"column":43}},"2":{"start":{"line":3,"column":0},"end":{"line":3,"column":70}},"3":{"start":{"line":4,"column":0},"end":{"line":4,"column":0}},"4":{"start":{"line":5,"column":0},"end":{"line":5,"column":20}},"5":{"start":{"line":6,"column":0},"end":{"line":6,"column":15}},"6":{"start":{"line":7,"column":0},"end":{"line":7,"column":21}},"7":{"start":{"line":8,"column":0},"end":{"line":8,"column":23}},"8":{"start":{"line":9,"column":0},"end":{"line":9,"column":34}},"9":{"start":{"line":10,"column":0},"end":{"line":10,"column":2}},"10":{"start":{"line":11,"column":0},"end":{"line":11,"column":0}},"11":{"start":{"line":12,"column":0},"end":{"line":12,"column":42}},"12":{"start":{"line":13,"column":0},"end":{"line":13,"column":9}},"13":{"start":{"line":14,"column":0},"end":{"line":14,"column":19}},"14":{"start":{"line":15,"column":0},"end":{"line":15,"column":14}},"15":{"start":{"line":16,"column":0},"end":{"line":16,"column":24}},"16":{"start":{"line":17,"column":0},"end":{"line":17,"column":2}},"17":{"start":{"line":18,"column":0},"end":{"line":18,"column":0}},"18":{"start":{"line":19,"column":0},"end":{"line":19,"column":56}},"19":{"start":{"line":20,"column":0},"end":{"line":20,"column":19}},"20":{"start":{"line":21,"column":0},"end":{"line":21,"column":34}},"21":{"start":{"line":22,"column":0},"end":{"line":22,"column":2}},"22":{"start":{"line":23,"column":0},"end":{"line":23,"column":0}},"23":{"start":{"line":24,"column":0},"end":{"line":24,"column":62}},"24":{"start":{"line":25,"column":0},"end":{"line":25,"column":18}},"25":{"start":{"line":26,"column":0},"end":{"line":26,"column":28}},"26":{"start":{"line":27,"column":0},"end":{"line":27,"column":52}},"27":{"start":{"line":28,"column":0},"end":{"line":28,"column":21}},"28":{"start":{"line":29,"column":0},"end":{"line":29,"column":3}},"29":{"start":{"line":30,"column":0},"end":{"line":30,"column":2}},"30":{"start":{"line":31,"column":0},"end":{"line":31,"column":0}},"31":{"start":{"line":32,"column":0},"end":{"line":32,"column":33}},"32":{"start":{"line":33,"column":0},"end":{"line":33,"column":17}},"33":{"start":{"line":34,"column":0},"end":{"line":34,"column":15}},"34":{"start":{"line":35,"column":0},"end":{"line":35,"column":13}},"35":{"start":{"line":36,"column":0},"end":{"line":36,"column":29}},"36":{"start":{"line":37,"column":0},"end":{"line":37,"column":36}},"37":{"start":{"line":38,"column":0},"end":{"line":38,"column":5}},"38":{"start":{"line":39,"column":0},"end":{"line":39,"column":4}},"39":{"start":{"line":40,"column":0},"end":{"line":40,"column":31}},"40":{"start":{"line":41,"column":0},"end":{"line":41,"column":11}},"41":{"start":{"line":42,"column":0},"end":{"line":42,"column":50}},"42":{"start":{"line":43,"column":0},"end":{"line":43,"column":31}},"43":{"start":{"line":44,"column":0},"end":{"line":44,"column":27}},"44":{"start":{"line":45,"column":0},"end":{"line":45,"column":8}},"45":{"start":{"line":46,"column":0},"end":{"line":46,"column":15}},"46":{"start":{"line":47,"column":0},"end":{"line":47,"column":32}},"47":{"start":{"line":48,"column":0},"end":{"line":48,"column":53}},"48":{"start":{"line":49,"column":0},"end":{"line":49,"column":34}},"49":{"start":{"line":50,"column":0},"end":{"line":50,"column":36}},"50":{"start":{"line":51,"column":0},"end":{"line":51,"column":9}},"51":{"start":{"line":52,"column":0},"end":{"line":52,"column":7}},"52":{"start":{"line":53,"column":0},"end":{"line":53,"column":59}},"53":{"start":{"line":54,"column":0},"end":{"line":54,"column":32}},"54":{"start":{"line":55,"column":0},"end":{"line":55,"column":76}},"55":{"start":{"line":56,"column":0},"end":{"line":56,"column":8}},"56":{"start":{"line":57,"column":0},"end":{"line":57,"column":0}},"57":{"start":{"line":58,"column":0},"end":{"line":58,"column":48}},"58":{"start":{"line":59,"column":0},"end":{"line":59,"column":31}},"59":{"start":{"line":60,"column":0},"end":{"line":60,"column":27}},"60":{"start":{"line":61,"column":0},"end":{"line":61,"column":8}},"61":{"start":{"line":62,"column":0},"end":{"line":62,"column":15}},"62":{"start":{"line":63,"column":0},"end":{"line":63,"column":30}},"63":{"start":{"line":64,"column":0},"end":{"line":64,"column":51}},"64":{"start":{"line":65,"column":0},"end":{"line":65,"column":34}},"65":{"start":{"line":66,"column":0},"end":{"line":66,"column":50}},"66":{"start":{"line":67,"column":0},"end":{"line":67,"column":51}},"67":{"start":{"line":68,"column":0},"end":{"line":68,"column":9}},"68":{"start":{"line":69,"column":0},"end":{"line":69,"column":7}},"69":{"start":{"line":70,"column":0},"end":{"line":70,"column":57}},"70":{"start":{"line":71,"column":0},"end":{"line":71,"column":32}},"71":{"start":{"line":72,"column":0},"end":{"line":72,"column":74}},"72":{"start":{"line":73,"column":0},"end":{"line":73,"column":9}},"73":{"start":{"line":74,"column":0},"end":{"line":74,"column":3}},"74":{"start":{"line":75,"column":0},"end":{"line":75,"column":3}},"75":{"start":{"line":76,"column":0},"end":{"line":76,"column":0}},"76":{"start":{"line":77,"column":0},"end":{"line":77,"column":56}},"77":{"start":{"line":78,"column":0},"end":{"line":78,"column":49}},"78":{"start":{"line":79,"column":0},"end":{"line":79,"column":0}},"79":{"start":{"line":80,"column":0},"end":{"line":80,"column":65}},"80":{"start":{"line":81,"column":0},"end":{"line":81,"column":18}},"81":{"start":{"line":82,"column":0},"end":{"line":82,"column":70}},"82":{"start":{"line":83,"column":0},"end":{"line":83,"column":25}},"83":{"start":{"line":84,"column":0},"end":{"line":84,"column":73}},"84":{"start":{"line":85,"column":0},"end":{"line":85,"column":32}}},"s":{"0":1,"1":2,"2":1,"3":1,"4":1,"5":1,"6":1,"7":1,"8":1,"9":1,"10":1,"11":1,"12":1,"13":1,"14":1,"15":1,"16":1,"17":1,"18":1,"19":1,"20":1,"21":1,"22":1,"23":1,"24":1,"25":2,"26":2,"27":1,"28":2,"29":1,"30":1,"31":1,"32":1,"33":1,"34":1,"35":1,"36":1,"37":1,"38":1,"39":1,"40":2,"41":2,"42":4,"43":4,"44":2,"45":2,"46":2,"47":2,"48":2,"49":2,"50":2,"51":2,"52":2,"53":3,"54":3,"55":2,"56":2,"57":2,"58":3,"59":3,"60":2,"61":2,"62":2,"63":2,"64":2,"65":2,"66":2,"67":2,"68":2,"69":2,"70":3,"71":3,"72":2,"73":2,"74":1,"75":1,"76":1,"77":1,"78":1,"79":1,"80":5,"81":1,"82":7,"83":1,"84":4},"branchMap":{"0":{"type":"branch","line":2,"loc":{"start":{"line":2,"column":0},"end":{"line":2,"column":43}},"locations":[{"start":{"line":2,"column":0},"end":{"line":2,"column":43}}]},"1":{"type":"branch","line":2,"loc":{"start":{"line":2,"column":0},"end":{"line":2,"column":43}},"locations":[{"start":{"line":2,"column":0},"end":{"line":2,"column":43}}]},"2":{"type":"branch","line":2,"loc":{"start":{"line":2,"column":0},"end":{"line":2,"column":43}},"locations":[{"start":{"line":2,"column":0},"end":{"line":2,"column":43}}]},"3":{"type":"branch","line":2,"loc":{"start":{"line":2,"column":0},"end":{"line":2,"column":43}},"locations":[{"start":{"line":2,"column":0},"end":{"line":2,"column":43}}]},"4":{"type":"branch","line":2,"loc":{"start":{"line":2,"column":0},"end":{"line":2,"column":43}},"locations":[{"start":{"line":2,"column":0},"end":{"line":2,"column":43}}]},"5":{"type":"branch","line":2,"loc":{"start":{"line":2,"column":0},"end":{"line":2,"column":43}},"locations":[{"start":{"line":2,"column":0},"end":{"line":2,"column":43}}]},"6":{"type":"branch","line":2,"loc":{"start":{"line":2,"column":0},"end":{"line":2,"column":43}},"locations":[{"start":{"line":2,"column":0},"end":{"line":2,"column":43}}]},"7":{"type":"branch","line":2,"loc":{"start":{"line":2,"column":0},"end":{"line":2,"column":43}},"locations":[{"start":{"line":2,"column":0},"end":{"line":2,"column":43}}]},"8":{"type":"branch","line":2,"loc":{"start":{"line":2,"column":0},"end":{"line":2,"column":43}},"locations":[{"start":{"line":2,"column":0},"end":{"line":2,"column":43}}]},"9":{"type":"branch","line":2,"loc":{"start":{"line":2,"column":0},"end":{"line":2,"column":43}},"locations":[{"start":{"line":2,"column":0},"end":{"line":2,"column":43}}]},"10":{"type":"branch","line":21,"loc":{"start":{"line":21,"column":2},"end":{"line":21,"column":34}},"locations":[{"start":{"line":21,"column":2},"end":{"line":21,"column":34}}]},"11":{"type":"branch","line":21,"loc":{"start":{"line":21,"column":2},"end":{"line":21,"column":34}},"locations":[{"start":{"line":21,"column":2},"end":{"line":21,"column":34}}]},"12":{"type":"branch","line":21,"loc":{"start":{"line":21,"column":2},"end":{"line":21,"column":34}},"locations":[{"start":{"line":21,"column":2},"end":{"line":21,"column":34}}]},"13":{"type":"branch","line":25,"loc":{"start":{"line":25,"column":17},"end":{"line":29,"column":3}},"locations":[{"start":{"line":25,"column":17},"end":{"line":29,"column":3}}]},"14":{"type":"branch","line":26,"loc":{"start":{"line":26,"column":2},"end":{"line":28,"column":21}},"locations":[{"start":{"line":26,"column":2},"end":{"line":28,"column":21}}]},"15":{"type":"branch","line":26,"loc":{"start":{"line":26,"column":22},"end":{"line":28,"column":21}},"locations":[{"start":{"line":26,"column":22},"end":{"line":28,"column":21}}]},"16":{"type":"branch","line":26,"loc":{"start":{"line":26,"column":22},"end":{"line":27,"column":52}},"locations":[{"start":{"line":26,"column":22},"end":{"line":27,"column":52}}]},"17":{"type":"branch","line":27,"loc":{"start":{"line":27,"column":51},"end":{"line":28,"column":21}},"locations":[{"start":{"line":27,"column":51},"end":{"line":28,"column":21}}]},"18":{"type":"branch","line":28,"loc":{"start":{"line":28,"column":20},"end":{"line":28,"column":21}},"locations":[{"start":{"line":28,"column":20},"end":{"line":28,"column":21}}]},"19":{"type":"branch","line":28,"loc":{"start":{"line":28,"column":20},"end":{"line":28,"column":21}},"locations":[{"start":{"line":28,"column":20},"end":{"line":28,"column":21}}]},"20":{"type":"branch","line":36,"loc":{"start":{"line":36,"column":20},"end":{"line":38,"column":5}},"locations":[{"start":{"line":36,"column":20},"end":{"line":38,"column":5}}]},"21":{"type":"branch","line":40,"loc":{"start":{"line":40,"column":17},"end":{"line":74,"column":3}},"locations":[{"start":{"line":40,"column":17},"end":{"line":74,"column":3}}]},"22":{"type":"branch","line":42,"loc":{"start":{"line":42,"column":38},"end":{"line":45,"column":7}},"locations":[{"start":{"line":42,"column":38},"end":{"line":45,"column":7}}]},"23":{"type":"branch","line":48,"loc":{"start":{"line":48,"column":8},"end":{"line":51,"column":9}},"locations":[{"start":{"line":48,"column":8},"end":{"line":51,"column":9}}]},"24":{"type":"branch","line":53,"loc":{"start":{"line":53,"column":39},"end":{"line":56,"column":7}},"locations":[{"start":{"line":53,"column":39},"end":{"line":56,"column":7}}]},"25":{"type":"branch","line":55,"loc":{"start":{"line":55,"column":42},"end":{"line":55,"column":46}},"locations":[{"start":{"line":55,"column":42},"end":{"line":55,"column":46}}]},"26":{"type":"branch","line":55,"loc":{"start":{"line":55,"column":42},"end":{"line":55,"column":75}},"locations":[{"start":{"line":55,"column":42},"end":{"line":55,"column":75}}]},"27":{"type":"branch","line":58,"loc":{"start":{"line":58,"column":36},"end":{"line":61,"column":7}},"locations":[{"start":{"line":58,"column":36},"end":{"line":61,"column":7}}]},"28":{"type":"branch","line":64,"loc":{"start":{"line":64,"column":8},"end":{"line":68,"column":9}},"locations":[{"start":{"line":64,"column":8},"end":{"line":68,"column":9}}]},"29":{"type":"branch","line":70,"loc":{"start":{"line":70,"column":37},"end":{"line":73,"column":7}},"locations":[{"start":{"line":70,"column":37},"end":{"line":73,"column":7}}]},"30":{"type":"branch","line":72,"loc":{"start":{"line":72,"column":42},"end":{"line":72,"column":46}},"locations":[{"start":{"line":72,"column":42},"end":{"line":72,"column":46}}]},"31":{"type":"branch","line":72,"loc":{"start":{"line":72,"column":42},"end":{"line":72,"column":73}},"locations":[{"start":{"line":72,"column":42},"end":{"line":72,"column":73}}]},"32":{"type":"branch","line":80,"loc":{"start":{"line":80,"column":30},"end":{"line":81,"column":18}},"locations":[{"start":{"line":80,"column":30},"end":{"line":81,"column":18}}]},"33":{"type":"branch","line":82,"loc":{"start":{"line":82,"column":35},"end":{"line":83,"column":25}},"locations":[{"start":{"line":82,"column":35},"end":{"line":83,"column":25}}]},"34":{"type":"branch","line":84,"loc":{"start":{"line":84,"column":38},"end":{"line":85,"column":32}},"locations":[{"start":{"line":84,"column":38},"end":{"line":85,"column":32}}]}},"b":{"0":[8],"1":[2],"2":[6],"3":[2],"4":[4],"5":[4],"6":[4],"7":[4],"8":[6],"9":[2],"10":[2],"11":[5],"12":[2],"13":[2],"14":[2],"15":[5],"16":[2],"17":[1],"18":[0],"19":[2],"20":[1],"21":[2],"22":[4],"23":[2],"24":[3],"25":[2],"26":[1],"27":[3],"28":[2],"29":[3],"30":[2],"31":[1],"32":[5],"33":[7],"34":[4]},"fnMap":{"0":{"name":"asyncGeneratorStep","decl":{"start":{"line":2,"column":0},"end":{"line":2,"column":43}},"loc":{"start":{"line":2,"column":0},"end":{"line":2,"column":43}},"line":2},"1":{"name":"_asyncToGenerator","decl":{"start":{"line":2,"column":0},"end":{"line":2,"column":43}},"loc":{"start":{"line":2,"column":0},"end":{"line":2,"column":43}},"line":2},"2":{"name":"_next","decl":{"start":{"line":2,"column":0},"end":{"line":2,"column":43}},"loc":{"start":{"line":2,"column":0},"end":{"line":2,"column":43}},"line":2},"3":{"name":"_throw","decl":{"start":{"line":2,"column":0},"end":{"line":2,"column":43}},"loc":{"start":{"line":2,"column":0},"end":{"line":2,"column":43}},"line":2},"4":{"name":"_callee","decl":{"start":{"line":21,"column":2},"end":{"line":21,"column":34}},"loc":{"start":{"line":21,"column":2},"end":{"line":21,"column":34}},"line":21},"5":{"name":"_callee$","decl":{"start":{"line":21,"column":2},"end":{"line":21,"column":34}},"loc":{"start":{"line":21,"column":2},"end":{"line":21,"column":34}},"line":21},"6":{"name":"_callee2","decl":{"start":{"line":26,"column":2},"end":{"line":28,"column":21}},"loc":{"start":{"line":26,"column":2},"end":{"line":28,"column":21}},"line":26},"7":{"name":"_callee2$","decl":{"start":{"line":26,"column":22},"end":{"line":28,"column":21}},"loc":{"start":{"line":26,"column":22},"end":{"line":28,"column":21}},"line":26},"8":{"name":"resetLastCreated","decl":{"start":{"line":36,"column":20},"end":{"line":38,"column":5}},"loc":{"start":{"line":36,"column":20},"end":{"line":38,"column":5}},"line":36},"9":{"name":"extraReducers","decl":{"start":{"line":40,"column":17},"end":{"line":74,"column":3}},"loc":{"start":{"line":40,"column":17},"end":{"line":74,"column":3}},"line":40},"10":{"name":"selectMyOrders","decl":{"start":{"line":80,"column":30},"end":{"line":81,"column":18}},"loc":{"start":{"line":80,"column":30},"end":{"line":81,"column":18}},"line":80},"11":{"name":"selectOrdersLoading","decl":{"start":{"line":82,"column":35},"end":{"line":83,"column":25}},"loc":{"start":{"line":82,"column":35},"end":{"line":83,"column":25}},"line":82},"12":{"name":"selectLastCreatedOrder","decl":{"start":{"line":84,"column":38},"end":{"line":85,"column":32}},"loc":{"start":{"line":84,"column":38},"end":{"line":85,"column":32}},"line":84}},"f":{"0":8,"1":4,"2":6,"3":2,"4":2,"5":5,"6":2,"7":5,"8":1,"9":2,"10":5,"11":7,"12":4}}
,"C:\\Users\\PAVEL\\stellar-burgers\\src\\services\\user\\slice.ts": {"path":"C:\\Users\\PAVEL\\stellar-burgers\\src\\services\\user\\slice.ts","all":false,"statementMap":{"0":{"start":{"line":1,"column":0},"end":{"line":1,"column":80}},"1":{"start":{"line":2,"column":0},"end":{"line":2,"column":42}},"2":{"start":{"line":3,"column":0},"end":{"line":3,"column":8}},"3":{"start":{"line":4,"column":0},"end":{"line":4,"column":18}},"4":{"start":{"line":5,"column":0},"end":{"line":5,"column":21}},"5":{"start":{"line":6,"column":0},"end":{"line":6,"column":15}},"6":{"start":{"line":7,"column":0},"end":{"line":7,"column":18}},"7":{"start":{"line":8,"column":0},"end":{"line":8,"column":13}},"8":{"start":{"line":9,"column":0},"end":{"line":9,"column":16}},"9":{"start":{"line":10,"column":0},"end":{"line":10,"column":11}},"10":{"start":{"line":11,"column":0},"end":{"line":11,"column":32}},"11":{"start":{"line":12,"column":0},"end":{"line":12,"column":47}},"12":{"start":{"line":13,"column":0},"end":{"line":13,"column":0}},"13":{"start":{"line":14,"column":0},"end":{"line":14,"column":18}},"14":{"start":{"line":15,"column":0},"end":{"line":15,"column":21}},"15":{"start":{"line":16,"column":0},"end":{"line":16,"column":21}},"16":{"start":{"line":17,"column":0},"end":{"line":17,"column":25}},"17":{"start":{"line":18,"column":0},"end":{"line":18,"column":23}},"18":{"start":{"line":19,"column":0},"end":{"line":19,"column":2}},"19":{"start":{"line":20,"column":0},"end":{"line":20,"column":0}},"20":{"start":{"line":21,"column":0},"end":{"line":21,"column":40}},"21":{"start":{"line":22,"column":0},"end":{"line":22,"column":13}},"22":{"start":{"line":23,"column":0},"end":{"line":23,"column":19}},"23":{"start":{"line":24,"column":0},"end":{"line":24,"column":23}},"24":{"start":{"line":25,"column":0},"end":{"line":25,"column":13}},"25":{"start":{"line":26,"column":0},"end":{"line":26,"column":2}},"26":{"start":{"line":27,"column":0},"end":{"line":27,"column":0}},"27":{"start":{"line":28,"column":0},"end":{"line":28,"column":67}},"28":{"start":{"line":29,"column":0},"end":{"line":29,"column":18}},"29":{"start":{"line":30,"column":0},"end":{"line":30,"column":22}},"30":{"start":{"line":31,"column":0},"end":{"line":31,"column":47}},"31":{"start":{"line":32,"column":0},"end":{"line":32,"column":59}},"32":{"start":{"line":33,"column":0},"end":{"line":33,"column":46}},"33":{"start":{"line":34,"column":0},"end":{"line":34,"column":20}},"34":{"start":{"line":35,"column":0},"end":{"line":35,"column":3}},"35":{"start":{"line":36,"column":0},"end":{"line":36,"column":2}},"36":{"start":{"line":37,"column":0},"end":{"line":37,"column":0}},"37":{"start":{"line":38,"column":0},"end":{"line":38,"column":61}},"38":{"start":{"line":39,"column":0},"end":{"line":39,"column":15}},"39":{"start":{"line":40,"column":0},"end":{"line":40,"column":22}},"40":{"start":{"line":41,"column":0},"end":{"line":41,"column":44}},"41":{"start":{"line":42,"column":0},"end":{"line":42,"column":59}},"42":{"start":{"line":43,"column":0},"end":{"line":43,"column":46}},"43":{"start":{"line":44,"column":0},"end":{"line":44,"column":20}},"44":{"start":{"line":45,"column":0},"end":{"line":45,"column":3}},"45":{"start":{"line":46,"column":0},"end":{"line":46,"column":2}},"46":{"start":{"line":47,"column":0},"end":{"line":47,"column":0}},"47":{"start":{"line":48,"column":0},"end":{"line":48,"column":76}},"48":{"start":{"line":49,"column":0},"end":{"line":49,"column":33}},"49":{"start":{"line":50,"column":0},"end":{"line":50,"column":18}},"50":{"start":{"line":51,"column":0},"end":{"line":51,"column":3}},"51":{"start":{"line":52,"column":0},"end":{"line":52,"column":0}},"52":{"start":{"line":53,"column":0},"end":{"line":53,"column":74}},"53":{"start":{"line":54,"column":0},"end":{"line":54,"column":16}},"54":{"start":{"line":55,"column":0},"end":{"line":55,"column":19}},"55":{"start":{"line":56,"column":0},"end":{"line":56,"column":42}},"56":{"start":{"line":57,"column":0},"end":{"line":57,"column":20}},"57":{"start":{"line":58,"column":0},"end":{"line":58,"column":3}},"58":{"start":{"line":59,"column":0},"end":{"line":59,"column":2}},"59":{"start":{"line":60,"column":0},"end":{"line":60,"column":0}},"60":{"start":{"line":61,"column":0},"end":{"line":61,"column":73}},"61":{"start":{"line":62,"column":0},"end":{"line":62,"column":20}},"62":{"start":{"line":63,"column":0},"end":{"line":63,"column":42}},"63":{"start":{"line":64,"column":0},"end":{"line":64,"column":48}},"64":{"start":{"line":65,"column":0},"end":{"line":65,"column":3}},"65":{"start":{"line":66,"column":0},"end":{"line":66,"column":0}},"66":{"start":{"line":67,"column":0},"end":{"line":67,"column":31}},"67":{"start":{"line":68,"column":0},"end":{"line":68,"column":15}},"68":{"start":{"line":69,"column":0},"end":{"line":69,"column":15}},"69":{"start":{"line":70,"column":0},"end":{"line":70,"column":13}},"70":{"start":{"line":71,"column":0},"end":{"line":71,"column":56}},"71":{"start":{"line":72,"column":0},"end":{"line":72,"column":43}},"72":{"start":{"line":73,"column":0},"end":{"line":73,"column":5}},"73":{"start":{"line":74,"column":0},"end":{"line":74,"column":4}},"74":{"start":{"line":75,"column":0},"end":{"line":75,"column":31}},"75":{"start":{"line":76,"column":0},"end":{"line":76,"column":11}},"76":{"start":{"line":77,"column":0},"end":{"line":77,"column":49}},"77":{"start":{"line":78,"column":0},"end":{"line":78,"column":31}},"78":{"start":{"line":79,"column":0},"end":{"line":79,"column":27}},"79":{"start":{"line":80,"column":0},"end":{"line":80,"column":8}},"80":{"start":{"line":81,"column":0},"end":{"line":81,"column":59}},"81":{"start":{"line":82,"column":0},"end":{"line":82,"column":32}},"82":{"start":{"line":83,"column":0},"end":{"line":83,"column":36}},"83":{"start":{"line":84,"column":0},"end":{"line":84,"column":35}},"84":{"start":{"line":85,"column":0},"end":{"line":85,"column":8}},"85":{"start":{"line":86,"column":0},"end":{"line":86,"column":58}},"86":{"start":{"line":87,"column":0},"end":{"line":87,"column":32}},"87":{"start":{"line":88,"column":0},"end":{"line":88,"column":67}},"88":{"start":{"line":89,"column":0},"end":{"line":89,"column":35}},"89":{"start":{"line":90,"column":0},"end":{"line":90,"column":8}},"90":{"start":{"line":91,"column":0},"end":{"line":91,"column":0}},"91":{"start":{"line":92,"column":0},"end":{"line":92,"column":46}},"92":{"start":{"line":93,"column":0},"end":{"line":93,"column":31}},"93":{"start":{"line":94,"column":0},"end":{"line":94,"column":27}},"94":{"start":{"line":95,"column":0},"end":{"line":95,"column":8}},"95":{"start":{"line":96,"column":0},"end":{"line":96,"column":56}},"96":{"start":{"line":97,"column":0},"end":{"line":97,"column":32}},"97":{"start":{"line":98,"column":0},"end":{"line":98,"column":36}},"98":{"start":{"line":99,"column":0},"end":{"line":99,"column":35}},"99":{"start":{"line":100,"column":0},"end":{"line":100,"column":8}},"100":{"start":{"line":101,"column":0},"end":{"line":101,"column":55}},"101":{"start":{"line":102,"column":0},"end":{"line":102,"column":32}},"102":{"start":{"line":103,"column":0},"end":{"line":103,"column":67}},"103":{"start":{"line":104,"column":0},"end":{"line":104,"column":35}},"104":{"start":{"line":105,"column":0},"end":{"line":105,"column":8}},"105":{"start":{"line":106,"column":0},"end":{"line":106,"column":0}},"106":{"start":{"line":107,"column":0},"end":{"line":107,"column":46}},"107":{"start":{"line":108,"column":0},"end":{"line":108,"column":31}},"108":{"start":{"line":109,"column":0},"end":{"line":109,"column":27}},"109":{"start":{"line":110,"column":0},"end":{"line":110,"column":8}},"110":{"start":{"line":111,"column":0},"end":{"line":111,"column":56}},"111":{"start":{"line":112,"column":0},"end":{"line":112,"column":32}},"112":{"start":{"line":113,"column":0},"end":{"line":113,"column":36}},"113":{"start":{"line":114,"column":0},"end":{"line":114,"column":35}},"114":{"start":{"line":115,"column":0},"end":{"line":115,"column":8}},"115":{"start":{"line":116,"column":0},"end":{"line":116,"column":55}},"116":{"start":{"line":117,"column":0},"end":{"line":117,"column":32}},"117":{"start":{"line":118,"column":0},"end":{"line":118,"column":21}},"118":{"start":{"line":119,"column":0},"end":{"line":119,"column":69}},"119":{"start":{"line":120,"column":0},"end":{"line":120,"column":35}},"120":{"start":{"line":121,"column":0},"end":{"line":121,"column":8}},"121":{"start":{"line":122,"column":0},"end":{"line":122,"column":0}},"122":{"start":{"line":123,"column":0},"end":{"line":123,"column":47}},"123":{"start":{"line":124,"column":0},"end":{"line":124,"column":31}},"124":{"start":{"line":125,"column":0},"end":{"line":125,"column":27}},"125":{"start":{"line":126,"column":0},"end":{"line":126,"column":8}},"126":{"start":{"line":127,"column":0},"end":{"line":127,"column":57}},"127":{"start":{"line":128,"column":0},"end":{"line":128,"column":32}},"128":{"start":{"line":129,"column":0},"end":{"line":129,"column":36}},"129":{"start":{"line":130,"column":0},"end":{"line":130,"column":8}},"130":{"start":{"line":131,"column":0},"end":{"line":131,"column":56}},"131":{"start":{"line":132,"column":0},"end":{"line":132,"column":32}},"132":{"start":{"line":133,"column":0},"end":{"line":133,"column":76}},"133":{"start":{"line":134,"column":0},"end":{"line":134,"column":8}},"134":{"start":{"line":135,"column":0},"end":{"line":135,"column":0}},"135":{"start":{"line":136,"column":0},"end":{"line":136,"column":45}},"136":{"start":{"line":137,"column":0},"end":{"line":137,"column":26}},"137":{"start":{"line":138,"column":0},"end":{"line":138,"column":35}},"138":{"start":{"line":139,"column":0},"end":{"line":139,"column":9}},"139":{"start":{"line":140,"column":0},"end":{"line":140,"column":3}},"140":{"start":{"line":141,"column":0},"end":{"line":141,"column":3}},"141":{"start":{"line":142,"column":0},"end":{"line":142,"column":0}},"142":{"start":{"line":143,"column":0},"end":{"line":143,"column":49}},"143":{"start":{"line":144,"column":0},"end":{"line":144,"column":45}},"144":{"start":{"line":145,"column":0},"end":{"line":145,"column":0}},"145":{"start":{"line":146,"column":0},"end":{"line":146,"column":74}},"146":{"start":{"line":147,"column":0},"end":{"line":147,"column":64}},"147":{"start":{"line":148,"column":0},"end":{"line":148,"column":23}},"148":{"start":{"line":149,"column":0},"end":{"line":149,"column":66}},"149":{"start":{"line":150,"column":0},"end":{"line":150,"column":27}}},"s":{"0":1,"1":0,"2":1,"3":1,"4":1,"5":1,"6":1,"7":1,"8":1,"9":1,"10":1,"11":1,"12":1,"13":1,"14":1,"15":1,"16":1,"17":1,"18":1,"19":1,"20":1,"21":1,"22":1,"23":1,"24":1,"25":1,"26":1,"27":1,"28":1,"29":2,"30":1,"31":1,"32":1,"33":1,"34":2,"35":1,"36":1,"37":1,"38":1,"39":2,"40":1,"41":1,"42":1,"43":1,"44":2,"45":1,"46":1,"47":1,"48":1,"49":1,"50":1,"51":1,"52":1,"53":1,"54":2,"55":1,"56":1,"57":2,"58":1,"59":1,"60":1,"61":1,"62":1,"63":1,"64":1,"65":1,"66":1,"67":1,"68":1,"69":1,"70":1,"71":2,"72":2,"73":1,"74":1,"75":2,"76":2,"77":3,"78":3,"79":2,"80":2,"81":2,"82":2,"83":2,"84":2,"85":2,"86":2,"87":2,"88":2,"89":2,"90":2,"91":2,"92":1,"93":1,"94":2,"95":2,"96":1,"97":1,"98":1,"99":2,"100":2,"101":0,"102":0,"103":0,"104":2,"105":2,"106":2,"107":1,"108":1,"109":2,"110":2,"111":1,"112":1,"113":1,"114":2,"115":2,"116":0,"117":0,"118":0,"119":0,"120":2,"121":2,"122":2,"123":1,"124":1,"125":2,"126":2,"127":1,"128":1,"129":2,"130":2,"131":0,"132":0,"133":2,"134":2,"135":2,"136":1,"137":1,"138":2,"139":2,"140":1,"141":1,"142":1,"143":1,"144":1,"145":1,"146":1,"147":2,"148":1,"149":7},"branchMap":{"0":{"type":"branch","line":2,"loc":{"start":{"line":2,"column":0},"end":{"line":2,"column":42}},"locations":[{"start":{"line":2,"column":0},"end":{"line":2,"column":42}}]},"1":{"type":"branch","line":2,"loc":{"start":{"line":2,"column":0},"end":{"line":2,"column":42}},"locations":[{"start":{"line":2,"column":0},"end":{"line":2,"column":42}}]},"2":{"type":"branch","line":2,"loc":{"start":{"line":2,"column":0},"end":{"line":2,"column":42}},"locations":[{"start":{"line":2,"column":0},"end":{"line":2,"column":42}}]},"3":{"type":"branch","line":2,"loc":{"start":{"line":2,"column":0},"end":{"line":2,"column":42}},"locations":[{"start":{"line":2,"column":0},"end":{"line":2,"column":42}}]},"4":{"type":"branch","line":2,"loc":{"start":{"line":2,"column":0},"end":{"line":2,"column":42}},"locations":[{"start":{"line":2,"column":0},"end":{"line":2,"column":42}}]},"5":{"type":"branch","line":2,"loc":{"start":{"line":2,"column":0},"end":{"line":2,"column":42}},"locations":[{"start":{"line":2,"column":0},"end":{"line":2,"column":42}}]},"6":{"type":"branch","line":2,"loc":{"start":{"line":2,"column":0},"end":{"line":2,"column":42}},"locations":[{"start":{"line":2,"column":0},"end":{"line":2,"column":42}}]},"7":{"type":"branch","line":29,"loc":{"start":{"line":29,"column":17},"end":{"line":35,"column":3}},"locations":[{"start":{"line":29,"column":17},"end":{"line":35,"column":3}}]},"8":{"type":"branch","line":30,"loc":{"start":{"line":30,"column":2},"end":{"line":34,"column":20}},"locations":[{"start":{"line":30,"column":2},"end":{"line":34,"column":20}}]},"9":{"type":"branch","line":30,"loc":{"start":{"line":30,"column":16},"end":{"line":34,"column":20}},"locations":[{"start":{"line":30,"column":16},"end":{"line":34,"column":20}}]},"10":{"type":"branch","line":30,"loc":{"start":{"line":30,"column":16},"end":{"line":31,"column":47}},"locations":[{"start":{"line":30,"column":16},"end":{"line":31,"column":47}}]},"11":{"type":"branch","line":31,"loc":{"start":{"line":31,"column":46},"end":{"line":34,"column":20}},"locations":[{"start":{"line":31,"column":46},"end":{"line":34,"column":20}}]},"12":{"type":"branch","line":34,"loc":{"start":{"line":34,"column":19},"end":{"line":34,"column":20}},"locations":[{"start":{"line":34,"column":19},"end":{"line":34,"column":20}}]},"13":{"type":"branch","line":34,"loc":{"start":{"line":34,"column":19},"end":{"line":34,"column":20}},"locations":[{"start":{"line":34,"column":19},"end":{"line":34,"column":20}}]},"14":{"type":"branch","line":39,"loc":{"start":{"line":39,"column":14},"end":{"line":45,"column":3}},"locations":[{"start":{"line":39,"column":14},"end":{"line":45,"column":3}}]},"15":{"type":"branch","line":40,"loc":{"start":{"line":40,"column":2},"end":{"line":44,"column":20}},"locations":[{"start":{"line":40,"column":2},"end":{"line":44,"column":20}}]},"16":{"type":"branch","line":40,"loc":{"start":{"line":40,"column":16},"end":{"line":44,"column":20}},"locations":[{"start":{"line":40,"column":16},"end":{"line":44,"column":20}}]},"17":{"type":"branch","line":40,"loc":{"start":{"line":40,"column":16},"end":{"line":41,"column":44}},"locations":[{"start":{"line":40,"column":16},"end":{"line":41,"column":44}}]},"18":{"type":"branch","line":41,"loc":{"start":{"line":41,"column":43},"end":{"line":44,"column":20}},"locations":[{"start":{"line":41,"column":43},"end":{"line":44,"column":20}}]},"19":{"type":"branch","line":44,"loc":{"start":{"line":44,"column":19},"end":{"line":44,"column":20}},"locations":[{"start":{"line":44,"column":19},"end":{"line":44,"column":20}}]},"20":{"type":"branch","line":44,"loc":{"start":{"line":44,"column":19},"end":{"line":44,"column":20}},"locations":[{"start":{"line":44,"column":19},"end":{"line":44,"column":20}}]},"21":{"type":"branch","line":48,"loc":{"start":{"line":48,"column":63},"end":{"line":51,"column":2}},"locations":[{"start":{"line":48,"column":63},"end":{"line":51,"column":2}}]},"22":{"type":"branch","line":48,"loc":{"start":{"line":48,"column":63},"end":{"line":50,"column":18}},"locations":[{"start":{"line":48,"column":63},"end":{"line":50,"column":18}}]},"23":{"type":"branch","line":48,"loc":{"start":{"line":48,"column":63},"end":{"line":49,"column":33}},"locations":[{"start":{"line":48,"column":63},"end":{"line":49,"column":33}}]},"24":{"type":"branch","line":49,"loc":{"start":{"line":49,"column":32},"end":{"line":50,"column":18}},"locations":[{"start":{"line":49,"column":32},"end":{"line":50,"column":18}}]},"25":{"type":"branch","line":50,"loc":{"start":{"line":50,"column":17},"end":{"line":50,"column":18}},"locations":[{"start":{"line":50,"column":17},"end":{"line":50,"column":18}}]},"26":{"type":"branch","line":50,"loc":{"start":{"line":50,"column":17},"end":{"line":50,"column":18}},"locations":[{"start":{"line":50,"column":17},"end":{"line":50,"column":18}}]},"27":{"type":"branch","line":54,"loc":{"start":{"line":54,"column":15},"end":{"line":58,"column":3}},"locations":[{"start":{"line":54,"column":15},"end":{"line":58,"column":3}}]},"28":{"type":"branch","line":55,"loc":{"start":{"line":55,"column":2},"end":{"line":57,"column":20}},"locations":[{"start":{"line":55,"column":2},"end":{"line":57,"column":20}}]},"29":{"type":"branch","line":55,"loc":{"start":{"line":55,"column":13},"end":{"line":57,"column":20}},"locations":[{"start":{"line":55,"column":13},"end":{"line":57,"column":20}}]},"30":{"type":"branch","line":55,"loc":{"start":{"line":55,"column":13},"end":{"line":56,"column":42}},"locations":[{"start":{"line":55,"column":13},"end":{"line":56,"column":42}}]},"31":{"type":"branch","line":56,"loc":{"start":{"line":56,"column":41},"end":{"line":57,"column":20}},"locations":[{"start":{"line":56,"column":41},"end":{"line":57,"column":20}}]},"32":{"type":"branch","line":57,"loc":{"start":{"line":57,"column":19},"end":{"line":57,"column":20}},"locations":[{"start":{"line":57,"column":19},"end":{"line":57,"column":20}}]},"33":{"type":"branch","line":57,"loc":{"start":{"line":57,"column":19},"end":{"line":57,"column":20}},"locations":[{"start":{"line":57,"column":19},"end":{"line":57,"column":20}}]},"34":{"type":"branch","line":61,"loc":{"start":{"line":61,"column":60},"end":{"line":65,"column":2}},"locations":[{"start":{"line":61,"column":60},"end":{"line":65,"column":2}}]},"35":{"type":"branch","line":61,"loc":{"start":{"line":61,"column":60},"end":{"line":64,"column":48}},"locations":[{"start":{"line":61,"column":60},"end":{"line":64,"column":48}}]},"36":{"type":"branch","line":61,"loc":{"start":{"line":61,"column":60},"end":{"line":62,"column":20}},"locations":[{"start":{"line":61,"column":60},"end":{"line":62,"column":20}}]},"37":{"type":"branch","line":62,"loc":{"start":{"line":62,"column":19},"end":{"line":64,"column":48}},"locations":[{"start":{"line":62,"column":19},"end":{"line":64,"column":48}}]},"38":{"type":"branch","line":71,"loc":{"start":{"line":71,"column":15},"end":{"line":73,"column":5}},"locations":[{"start":{"line":71,"column":15},"end":{"line":73,"column":5}}]},"39":{"type":"branch","line":75,"loc":{"start":{"line":75,"column":17},"end":{"line":140,"column":3}},"locations":[{"start":{"line":75,"column":17},"end":{"line":140,"column":3}}]},"40":{"type":"branch","line":77,"loc":{"start":{"line":77,"column":37},"end":{"line":80,"column":7}},"locations":[{"start":{"line":77,"column":37},"end":{"line":80,"column":7}}]},"41":{"type":"branch","line":81,"loc":{"start":{"line":81,"column":39},"end":{"line":85,"column":7}},"locations":[{"start":{"line":81,"column":39},"end":{"line":85,"column":7}}]},"42":{"type":"branch","line":86,"loc":{"start":{"line":86,"column":38},"end":{"line":90,"column":7}},"locations":[{"start":{"line":86,"column":38},"end":{"line":90,"column":7}}]},"43":{"type":"branch","line":88,"loc":{"start":{"line":88,"column":42},"end":{"line":88,"column":46}},"locations":[{"start":{"line":88,"column":42},"end":{"line":88,"column":46}}]},"44":{"type":"branch","line":88,"loc":{"start":{"line":88,"column":42},"end":{"line":88,"column":66}},"locations":[{"start":{"line":88,"column":42},"end":{"line":88,"column":66}}]},"45":{"type":"branch","line":92,"loc":{"start":{"line":92,"column":34},"end":{"line":95,"column":7}},"locations":[{"start":{"line":92,"column":34},"end":{"line":95,"column":7}}]},"46":{"type":"branch","line":96,"loc":{"start":{"line":96,"column":36},"end":{"line":100,"column":7}},"locations":[{"start":{"line":96,"column":36},"end":{"line":100,"column":7}}]},"47":{"type":"branch","line":107,"loc":{"start":{"line":107,"column":34},"end":{"line":110,"column":7}},"locations":[{"start":{"line":107,"column":34},"end":{"line":110,"column":7}}]},"48":{"type":"branch","line":111,"loc":{"start":{"line":111,"column":36},"end":{"line":115,"column":7}},"locations":[{"start":{"line":111,"column":36},"end":{"line":115,"column":7}}]},"49":{"type":"branch","line":123,"loc":{"start":{"line":123,"column":35},"end":{"line":126,"column":7}},"locations":[{"start":{"line":123,"column":35},"end":{"line":126,"column":7}}]},"50":{"type":"branch","line":127,"loc":{"start":{"line":127,"column":37},"end":{"line":130,"column":7}},"locations":[{"start":{"line":127,"column":37},"end":{"line":130,"column":7}}]},"51":{"type":"branch","line":136,"loc":{"start":{"line":136,"column":33},"end":{"line":139,"column":7}},"locations":[{"start":{"line":136,"column":33},"end":{"line":139,"column":7}}]},"52":{"type":"branch","line":146,"loc":{"start":{"line":146,"column":26},"end":{"line":146,"column":74}},"locations":[{"start":{"line":146,"column":26},"end":{"line":146,"column":74}}]},"53":{"type":"branch","line":147,"loc":{"start":{"line":147,"column":33},"end":{"line":148,"column":23}},"locations":[{"start":{"line":147,"column":33},"end":{"line":148,"column":23}}]},"54":{"type":"branch","line":149,"loc":{"start":{"line":149,"column":35},"end":{"line":150,"column":27}},"locations":[{"start":{"line":149,"column":35},"end":{"line":150,"column":27}}]}},"b":{"0":[10],"1":[0],"2":[5],"3":[10],"4":[5],"5":[5],"6":[10],"7":[2],"8":[1],"9":[3],"10":[1],"11":[1],"12":[0],"13":[1],"14":[2],"15":[1],"16":[3],"17":[1],"18":[1],"19":[0],"20":[1],"21":[1],"22":[3],"23":[1],"24":[1],"25":[0],"26":[1],"27":[2],"28":[1],"29":[3],"30":[1],"31":[1],"32":[0],"33":[1],"34":[1],"35":[2],"36":[1],"37":[1],"38":[2],"39":[2],"40":[3],"41":[2],"42":[2],"43":[1],"44":[1],"45":[1],"46":[1],"47":[1],"48":[1],"49":[1],"50":[1],"51":[1],"52":[5],"53":[2],"54":[7]},"fnMap":{"0":{"name":"asyncGeneratorStep","decl":{"start":{"line":2,"column":0},"end":{"line":2,"column":42}},"loc":{"start":{"line":2,"column":0},"end":{"line":2,"column":42}},"line":2},"1":{"name":"_asyncToGenerator","decl":{"start":{"line":2,"column":0},"end":{"line":2
[...]
column":55}},"210":{"start":{"line":211,"column":0},"end":{"line":211,"column":14}},"211":{"start":{"line":212,"column":0},"end":{"line":212,"column":45}},"212":{"start":{"line":213,"column":0},"end":{"line":213,"column":20}},"213":{"start":{"line":214,"column":0},"end":{"line":214,"column":5}},"214":{"start":{"line":215,"column":0},"end":{"line":215,"column":0}},"215":{"start":{"line":216,"column":0},"end":{"line":216,"column":62}},"216":{"start":{"line":217,"column":0},"end":{"line":217,"column":55}},"217":{"start":{"line":218,"column":0},"end":{"line":218,"column":20}},"218":{"start":{"line":219,"column":0},"end":{"line":219,"column":14}},"219":{"start":{"line":220,"column":0},"end":{"line":220,"column":55}},"220":{"start":{"line":221,"column":0},"end":{"line":221,"column":45}},"221":{"start":{"line":222,"column":0},"end":{"line":222,"column":21}},"222":{"start":{"line":223,"column":0},"end":{"line":223,"column":30}},"223":{"start":{"line":224,"column":0},"end":{"line":224,"column":5}},"224":{"start":{"line":225,"column":0},"end":{"line":225,"column":0}},"225":{"start":{"line":226,"column":0},"end":{"line":226,"column":30}},"226":{"start":{"line":227,"column":0},"end":{"line":227,"column":31}},"227":{"start":{"line":228,"column":0},"end":{"line":228,"column":19}},"228":{"start":{"line":229,"column":0},"end":{"line":229,"column":14}},"229":{"start":{"line":230,"column":0},"end":{"line":230,"column":54}},"230":{"start":{"line":231,"column":0},"end":{"line":231,"column":6}},"231":{"start":{"line":232,"column":0},"end":{"line":232,"column":26}},"232":{"start":{"line":233,"column":0},"end":{"line":233,"column":49}},"233":{"start":{"line":234,"column":0},"end":{"line":234,"column":6}},"234":{"start":{"line":235,"column":0},"end":{"line":235,"column":60}}},"s":{"0":1,"1":0,"2":1,"3":1,"4":1,"5":1,"6":0,"7":1,"8":1,"9":1,"10":1,"11":1,"12":1,"13":1,"14":1,"15":1,"16":1,"17":1,"18":0,"19":0,"20":0,"21":0,"22":0,"23":0,"24":0,"25":0,"26":0,"27":0,"28":0,"29":0,"30":0,"31":0,"32":0,"33":0,"34":0,"35":0,"36":1,"37":1,"38":0,"39":0,"40":0,"41":0,"42":0,"43":0,"44":0,"45":0,"46":0,"47":0,"48":0,"49":0,"50":0,"51":0,"52":0,"53":0,"54":0,"55":1,"56":1,"57":1,"58":1,"59":1,"60":1,"61":1,"62":1,"63":1,"64":1,"65":1,"66":1,"67":1,"68":1,"69":1,"70":1,"71":1,"72":1,"73":1,"74":0,"75":0,"76":0,"77":0,"78":0,"79":0,"80":1,"81":1,"82":0,"83":0,"84":0,"85":0,"86":0,"87":0,"88":1,"89":1,"90":0,"91":0,"92":0,"93":0,"94":0,"95":0,"96":0,"97":0,"98":0,"99":0,"100":1,"101":1,"102":1,"103":1,"104":1,"105":1,"106":1,"107":0,"108":0,"109":0,"110":0,"111":0,"112":0,"113":0,"114":0,"115":0,"116":0,"117":0,"118":0,"119":0,"120":1,"121":1,"122":1,"123":1,"124":1,"125":1,"126":0,"127":0,"128":0,"129":0,"130":0,"131":0,"132":1,"133":1,"134":1,"135":1,"136":1,"137":1,"138":1,"139":1,"140":1,"141":1,"142":1,"143":1,"144":1,"145":1,"146":0,"147":0,"148":0,"149":0,"150":0,"151":0,"152":0,"153":0,"154":0,"155":0,"156":0,"157":0,"158":1,"159":1,"160":1,"161":1,"162":1,"163":1,"164":1,"165":0,"166":0,"167":0,"168":0,"169":0,"170":0,"171":0,"172":0,"173":0,"174":0,"175":0,"176":0,"177":1,"178":1,"179":0,"180":0,"181":0,"182":0,"183":0,"184":0,"185":0,"186":0,"187":0,"188":0,"189":0,"190":0,"191":1,"192":1,"193":0,"194":0,"195":0,"196":0,"197":0,"198":0,"199":0,"200":0,"201":0,"202":0,"203":0,"204":0,"205":1,"206":1,"207":1,"208":1,"209":0,"210":0,"211":0,"212":0,"213":0,"214":1,"215":1,"216":0,"217":0,"218":0,"219":0,"220":0,"221":0,"222":0,"223":0,"224":1,"225":1,"226":0,"227":0,"228":0,"229":0,"230":0,"231":0,"232":0,"233":0,"234":0},"branchMap":{"0":{"type":"branch","line":2,"loc":{"start":{"line":2,"column":-1},"end":{"line":2,"column":66}},"locations":[{"start":{"line":2,"column":-1},"end":{"line":2,"column":66}}]},"1":{"type":"branch","line":2,"loc":{"start":{"line":2,"column":0},"end":{"line":2,"column":66}},"locations":[{"start":{"line":2,"column":0},"end":{"line":2,"column":66}}]},"2":{"type":"branch","line":2,"loc":{"start":{"line":2,"column":0},"end":{"line":2,"column":66}},"locations":[{"start":{"line":2,"column":0},"end":{"line":2,"column":66}}]},"3":{"type":"branch","line":2,"loc":{"start":{"line":2,"column":0},"end":{"line":2,"column":66}},"locations":[{"start":{"line":2,"column":0},"end":{"line":2,"column":66}}]},"4":{"type":"branch","line":2,"loc":{"start":{"line":2,"column":0},"end":{"line":2,"column":66}},"locations":[{"start":{"line":2,"column":0},"end":{"line":2,"column":66}}]},"5":{"type":"branch","line":2,"loc":{"start":{"line":2,"column":0},"end":{"line":2,"column":66}},"locations":[{"start":{"line":2,"column":0},"end":{"line":2,"column":66}}]},"6":{"type":"branch","line":2,"loc":{"start":{"line":2,"column":0},"end":{"line":2,"column":66}},"locations":[{"start":{"line":2,"column":0},"end":{"line":2,"column":66}}]},"7":{"type":"branch","line":2,"loc":{"start":{"line":2,"column":0},"end":{"line":2,"column":66}},"locations":[{"start":{"line":2,"column":0},"end":{"line":2,"column":66}}]},"8":{"type":"branch","line":2,"loc":{"start":{"line":2,"column":0},"end":{"line":2,"column":66}},"locations":[{"start":{"line":2,"column":0},"end":{"line":2,"column":66}}]},"9":{"type":"branch","line":2,"loc":{"start":{"line":2,"column":0},"end":{"line":2,"column":66}},"locations":[{"start":{"line":2,"column":0},"end":{"line":2,"column":66}}]},"10":{"type":"branch","line":2,"loc":{"start":{"line":2,"column":0},"end":{"line":2,"column":66}},"locations":[{"start":{"line":2,"column":0},"end":{"line":2,"column":66}}]},"11":{"type":"branch","line":2,"loc":{"start":{"line":2,"column":0},"end":{"line":2,"column":66}},"locations":[{"start":{"line":2,"column":0},"end":{"line":2,"column":66}}]},"12":{"type":"branch","line":2,"loc":{"start":{"line":2,"column":0},"end":{"line":2,"column":66}},"locations":[{"start":{"line":2,"column":0},"end":{"line":2,"column":66}}]},"13":{"type":"branch","line":2,"loc":{"start":{"line":2,"column":0},"end":{"line":2,"column":66}},"locations":[{"start":{"line":2,"column":0},"end":{"line":2,"column":66}}]},"14":{"type":"branch","line":2,"loc":{"start":{"line":2,"column":0},"end":{"line":2,"column":66}},"locations":[{"start":{"line":2,"column":0},"end":{"line":2,"column":66}}]},"15":{"type":"branch","line":2,"loc":{"start":{"line":2,"column":0},"end":{"line":2,"column":66}},"locations":[{"start":{"line":2,"column":0},"end":{"line":2,"column":66}}]},"16":{"type":"branch","line":2,"loc":{"start":{"line":2,"column":0},"end":{"line":2,"column":66}},"locations":[{"start":{"line":2,"column":0},"end":{"line":2,"column":66}}]},"17":{"type":"branch","line":38,"loc":{"start":{"line":38,"column":29},"end":{"line":38,"column":32}},"locations":[{"start":{"line":38,"column":29},"end":{"line":38,"column":32}}]}},"b":{"0":[1],"1":[0],"2":[0],"3":[0],"4":[0],"5":[0],"6":[0],"7":[13],"8":[2],"9":[6],"10":[1],"11":[0],"12":[0],"13":[0],"14":[1],"15":[0],"16":[1],"17":[1]},"fnMap":{"0":{"name":"_regeneratorRuntime","decl":{"start":{"line":2,"column":-1},"end":{"line":2,"column":66}},"loc":{"start":{"line":2,"column":-1},"end":{"line":2,"column":66}},"line":2},"1":{"name":"_regeneratorRuntime","decl":{"start":{"line":2,"column":0},"end":{"line":2,"column":66}},"loc":{"start":{"line":2,"column":0},"end":{"line":2,"column":66}},"line":2},"2":{"name":"o","decl":{"start":{"line":2,"column":0},"end":{"line":2,"column":66}},"loc":{"start":{"line":2,"column":0},"end":{"line":2,"column":66}},"line":2},"3":{"name":"define","decl":{"start":{"line":2,"column":0},"end":{"line":2,"column":66}},"loc":{"start":{"line":2,"column":0},"end":{"line":2,"column":66}},"line":2},"4":{"name":"define","decl":{"start":{"line":2,"column":0},"end":{"line":2,"column":66}},"loc":{"start":{"line":2,"column":0},"end":{"line":2,"column":66}},"line":2},"5":{"name":"wrap","decl":{"start":{"line":2,"column":0},"end":{"line":2,"column":66}},"loc":{"start":{"line":2,"column":0},"end":{"line":2,"column":66}},"line":2},"6":{"name":"tryCatch","decl":{"start":{"line":2,"column":0},"end":{"line":2,"column":66}},"loc":{"start":{"line":2,"column":0},"end":{"line":2,"column":66}},"line":2},"7":{"name":"Generator","decl":{"start":{"line":2,"column":0},"end":{"line":2,"column":66}},"loc":{"start":{"line":2,"column":0},"end":{"line":2,"column":66}},"line":2},"8":{"name":"GeneratorFunction","decl":{"start":{"line":2,"column":0},"end":{"line":2,"column":66}},"loc":{"start":{"line":2,"column":0},"end":{"line":2,"column":66}},"line":2},"9":{"name":"GeneratorFunctionPrototype","decl":{"start":{"line":2,"column":0},"end":{"line":2,"column":66}},"loc":{"start":{"line":2,"column":0},"end":{"line":2,"column":66}},"line":2},"10":{"name":"defineIteratorMethods","decl":{"start":{"line":2,"column":0},"end":{"line":2,"column":66}},"loc":{"start":{"line":2,"column":0},"end":{"line":2,"column":66}},"line":2},"11":{"name":"AsyncIterator","decl":{"start":{"line":2,"column":0},"end":{"line":2,"column":66}},"loc":{"start":{"line":2,"column":0},"end":{"line":2,"column":66}},"line":2},"12":{"name":"makeInvokeMethod","decl":{"start":{"line":2,"column":0},"end":{"line":2,"column":66}},"loc":{"start":{"line":2,"column":0},"end":{"line":2,"column":66}},"line":2},"13":{"name":"maybeInvokeDelegate","decl":{"start":{"line":2,"column":0},"end":{"line":2,"column":66}},"loc":{"start":{"line":2,"column":0},"end":{"line":2,"column":66}},"line":2},"14":{"name":"pushTryEntry","decl":{"start":{"line":2,"column":0},"end":{"line":2,"column":66}},"loc":{"start":{"line":2,"column":0},"end":{"line":2,"column":66}},"line":2},"15":{"name":"resetTryEntry","decl":{"start":{"line":2,"column":0},"end":{"line":2,"column":66}},"loc":{"start":{"line":2,"column":0},"end":{"line":2,"column":66}},"line":2},"16":{"name":"Context","decl":{"start":{"line":2,"column":0},"end":{"line":2,"column":66}},"loc":{"start":{"line":2,"column":0},"end":{"line":2,"column":66}},"line":2},"17":{"name":"values","decl":{"start":{"line":2,"column":0},"end":{"line":2,"column":66}},"loc":{"start":{"line":2,"column":0},"end":{"line":2,"column":66}},"line":2},"18":{"name":"next","decl":{"start":{"line":2,"column":0},"end":{"line":2,"column":66}},"loc":{"start":{"line":2,"column":0},"end":{"line":2,"column":66}},"line":2},"19":{"name":"e.isGeneratorFunction","decl":{"start":{"line":2,"column":0},"end":{"line":2,"column":66}},"loc":{"start":{"line":2,"column":0},"end":{"line":2,"column":66}},"line":2},"20":{"name":"e.mark","decl":{"start":{"line":2,"column":0},"end":{"line":2,"column":66}},"loc":{"start":{"line":2,"column":0},"end":{"line":2,"column":66}},"line":2},"21":{"name":"e.awrap","decl":{"start":{"line":2,"column":0},"end":{"line":2,"column":66}},"loc":{"start":{"line":2,"column":0},"end":{"line":2,"column":66}},"line":2},"22":{"name":"e.async","decl":{"start":{"line":2,"column":0},"end":{"line":2,"column":66}},"loc":{"start":{"line":2,"column":0},"end":{"line":2,"column":66}},"line":2},"23":{"name":"e.keys","decl":{"start":{"line":2,"column":0},"end":{"line":2,"column":66}},"loc":{"start":{"line":2,"column":0},"end":{"line":2,"column":66}},"line":2},"24":{"name":"reset","decl":{"start":{"line":2,"column":0},"end":{"line":2,"column":66}},"loc":{"start":{"line":2,"column":0},"end":{"line":2,"column":66}},"line":2},"25":{"name":"stop","decl":{"start":{"line":2,"column":0},"end":{"line":2,"column":66}},"loc":{"start":{"line":2,"column":0},"end":{"line":2,"column":66}},"line":2},"26":{"name":"dispatchException","decl":{"start":{"line":2,"column":0},"end":{"line":2,"column":66}},"loc":{"start":{"line":2,"column":0},"end":{"line":2,"column":66}},"line":2},"27":{"name":"abrupt","decl":{"start":{"line":2,"column":0},"end":{"line":2,"column":66}},"loc":{"start":{"line":2,"column":0},"end":{"line":2,"column":66}},"line":2},"28":{"name":"complete","decl":{"start":{"line":2,"column":0},"end":{"line":2,"column":66}},"loc":{"start":{"line":2,"column":0},"end":{"line":2,"column":66}},"line":2},"29":{"name":"finish","decl":{"start":{"line":2,"column":0},"end":{"line":2,"column":66}},"loc":{"start":{"line":2,"column":0},"end":{"line":2,"column":66}},"line":2},"30":{"name":"_catch","decl":{"start":{"line":2,"column":0},"end":{"line":2,"column":66}},"loc":{"start":{"line":2,"column":0},"end":{"line":2,"column":66}},"line":2},"31":{"name":"delegateYield","decl":{"start":{"line":2,"column":0},"end":{"line":2,"column":66}},"loc":{"start":{"line":2,"column":0},"end":{"line":2,"column":66}},"line":2},"32":{"name":"asyncGeneratorStep","decl":{"start":{"line":2,"column":0},"end":{"line":2,"column":66}},"loc":{"start":{"line":2,"column":0},"end":{"line":2,"column":66}},"line":2},"33":{"name":"_asyncToGenerator","decl":{"start":{"line":2,"column":0},"end":{"line":2,"column":66}},"loc":{"start":{"line":2,"column":0},"end":{"line":2,"column":66}},"line":2},"34":{"name":"checkResponse","decl":{"start":{"line":6,"column":22},"end":{"line":7,"column":70}},"loc":{"start":{"line":6,"column":22},"end":{"line":7,"column":70}},"line":6},"35":{"name":"refreshToken","decl":{"start":{"line":18,"column":28},"end":{"line":36,"column":7}},"loc":{"start":{"line":18,"column":28},"end":{"line":36,"column":7}},"line":18},"36":{"name":"_callee","decl":{"start":{"line":38,"column":32},"end":{"line":55,"column":33}},"loc":{"start":{"line":38,"column":32},"end":{"line":55,"column":33}},"line":38},"37":{"name":"getIngredientsApi","decl":{"start":{"line":74,"column":33},"end":{"line":80,"column":7}},"loc":{"start":{"line":74,"column":33},"end":{"line":80,"column":7}},"line":74},"38":{"name":"getFeedsApi","decl":{"start":{"line":82,"column":27},"end":{"line":88,"column":7}},"loc":{"start":{"line":82,"column":27},"end":{"line":88,"column":7}},"line":82},"39":{"name":"getOrdersApi","decl":{"start":{"line":90,"column":28},"end":{"line":100,"column":5}},"loc":{"start":{"line":90,"column":28},"end":{"line":100,"column":5}},"line":90},"40":{"name":"orderBurgerApi","decl":{"start":{"line":107,"column":30},"end":{"line":120,"column":5}},"loc":{"start":{"line":107,"column":30},"end":{"line":120,"column":5}},"line":107},"41":{"name":"getOrderByNumberApi","decl":{"start":{"line":126,"column":35},"end":{"line":132,"column":55}},"loc":{"start":{"line":126,"column":35},"end":{"line":132,"column":55}},"line":126},"42":{"name":"registerUserApi","decl":{"start":{"line":146,"column":31},"end":{"line":158,"column":7}},"loc":{"start":{"line":146,"column":31},"end":{"line":158,"column":7}},"line":146},"43":{"name":"loginUserApi","decl":{"start":{"line":165,"column":28},"end":{"line":177,"column":7}},"loc":{"start":{"line":165,"column":28},"end":{"line":177,"column":7}},"line":165},"44":{"name":"forgotPasswordApi","decl":{"start":{"line":179,"column":33},"end":{"line":191,"column":7}},"loc":{"start":{"line":179,"column":33},"end":{"line":191,"column":7}},"line":179},"45":{"name":"resetPasswordApi","decl":{"start":{"line":193,"column":32},"end":{"line":205,"column":7}},"loc":{"start":{"line":193,"column":32},"end":{"line":205,"column":7}},"line":193},"46":{"name":"getUserApi","decl":{"start":{"line":209,"column":26},"end":{"line":214,"column":5}},"loc":{"start":{"line":209,"column":26},"end":{"line":214,"column":5}},"line":209},"47":{"name":"updateUserApi","decl":{"start":{"line":216,"column":29},"end":{"line":224,"column":5}},"loc":{"start":{"line":216,"column":29},"end":{"line":224,"column":5}},"line":216},"48":{"name":"logoutApi","decl":{"start":{"line":226,"column":25},"end":{"line":235,"column":60}},"loc":{"start":{"line":226,"column":25},"end":{"line":235,"column":60}},"line":226}},"f":{"0":1,"1":0,"2":0,"3":13,"4":0,"5":0,"6":0,"7":0,"8":0,"9":0,"10":2,"11":0,"12":0,"13":0,"14":0,"15":0,"16":0,"17":1,"18":0,"19":0,"20":1,"21":0,"22":0,"23":0,"24":0,"25":0,"26":0,"27":0,"28":0,"29":0,"30":0,"31":0,"32":0,"33":1,"34":0,"35":0,"36":0,"37":0,"38":0,"39":0,"40":0,"41":0,"42":0,"43":0,"44":0,"45":0,"46":0,"47":0,"48":0}}
,"C:\\Users\\PAVEL\\stellar-burgers\\src\\utils\\cookie.ts": {"path":"C:\\Users\\PAVEL\\stellar-burgers\\src\\utils\\cookie.ts","all":false,"statementMap":{"0":{"start":{"line":1,"column":0},"end":{"line":1,"column":61}},"1":{"start":{"line":2,"column":0},"end":{"line":2,"column":40}},"2":{"start":{"line":3,"column":0},"end":{"line":3,"column":15}},"3":{"start":{"line":4,"column":0},"end":{"line":4,"column":18}},"4":{"start":{"line":5,"column":0},"end":{"line":5,"column":53}},"5":{"start":{"line":6,"column":0},"end":{"line":6,"column":62}},"6":{"start":{"line":7,"column":0},"end":{"line":7,"column":18}},"7":{"start":{"line":8,"column":0},"end":{"line":8,"column":5}},"8":{"start":{"line":9,"column":0},"end":{"line":9,"column":4}},"9":{"start":{"line":10,"column":0},"end":{"line":10,"column":62}},"10":{"start":{"line":11,"column":0},"end":{"line":11,"column":1}},"11":{"start":{"line":12,"column":0},"end":{"line":12,"column":0}},"12":{"start":{"line":13,"column":0},"end":{"line":13,"column":26}},"13":{"start":{"line":14,"column":0},"end":{"line":14,"column":15}},"14":{"start":{"line":15,"column":0},"end":{"line":15,"column":16}},"15":{"start":{"line":16,"column":0},"end":{"line":16,"column":65}},"16":{"start":{"line":17,"column":0},"end":{"line":17,"column":3}},"17":{"start":{"line":18,"column":0},"end":{"line":18,"column":11}},"18":{"start":{"line":19,"column":0},"end":{"line":19,"column":14}},"19":{"start":{"line":20,"column":0},"end":{"line":20,"column":12}},"20":{"start":{"line":21,"column":0},"end":{"line":21,"column":4}},"21":{"start":{"line":22,"column":0},"end":{"line":22,"column":0}},"22":{"start":{"line":23,"column":0},"end":{"line":23,"column":26}},"23":{"start":{"line":24,"column":0},"end":{"line":24,"column":39}},"24":{"start":{"line":25,"column":0},"end":{"line":25,"column":25}},"25":{"start":{"line":26,"column":0},"end":{"line":26,"column":40}},"26":{"start":{"line":27,"column":0},"end":{"line":27,"column":28}},"27":{"start":{"line":28,"column":0},"end":{"line":28,"column":3}},"28":{"start":{"line":29,"column":0},"end":{"line":29,"column":0}},"29":{"start":{"line":30,"column":0},"end":{"line":30,"column":35}},"30":{"start":{"line":31,"column":0},"end":{"line":31,"column":38}},"31":{"start":{"line":32,"column":0},"end":{"line":32,"column":3}},"32":{"start":{"line":33,"column":0},"end":{"line":33,"column":36}},"33":{"start":{"line":34,"column":0},"end":{"line":34,"column":41}},"34":{"start":{"line":35,"column":0},"end":{"line":35,"column":33}},"35":{"start":{"line":36,"column":0},"end":{"line":36,"column":37}},"36":{"start":{"line":37,"column":0},"end":{"line":37,"column":38}},"37":{"start":{"line":38,"column":0},"end":{"line":38,"column":29}},"38":{"start":{"line":39,"column":0},"end":{"line":39,"column":39}},"39":{"start":{"line":40,"column":0},"end":{"line":40,"column":5}},"40":{"start":{"line":41,"column":0},"end":{"line":41,"column":3}},"41":{"start":{"line":42,"column":0},"end":{"line":42,"column":34}},"42":{"start":{"line":43,"column":0},"end":{"line":43,"column":1}},"43":{"start":{"line":44,"column":0},"end":{"line":44,"column":0}},"44":{"start":{"line":45,"column":0},"end":{"line":45,"column":44}},"45":{"start":{"line":46,"column":0},"end":{"line":46,"column":39}},"46":{"start":{"line":47,"column":0},"end":{"line":47,"column":1}}},"s":{"0":1,"1":0,"2":0,"3":0,"4":0,"5":0,"6":0,"7":0,"8":0,"9":0,"10":0,"11":1,"12":1,"13":0,"14":0,"15":0,"16":0,"17":0,"18":0,"19":0,"20":0,"21":0,"22":0,"23":0,"24":0,"25":0,"26":0,"27":0,"28":0,"29":0,"30":0,"31":0,"32":0,"33":0,"34":0,"35":0,"36":0,"37":0,"38":0,"39":0,"40":0,"41":0,"42":0,"43":1,"44":1,"45":0,"46":0},"branchMap":{},"b":{},"fnMap":{"0":{"name":"getCookie","decl":{"start":{"line":1,"column":7},"end":{"line":11,"column":1}},"loc":{"start":{"line":1,"column":7},"end":{"line":11,"column":1}},"line":1},"1":{"name":"setCookie","decl":{"start":{"line":13,"column":7},"end":{"line":43,"column":1}},"loc":{"start":{"line":13,"column":7},"end":{"line":43,"column":1}},"line":13},"2":{"name":"deleteCookie","decl":{"start":{"line":45,"column":7},"end":{"line":47,"column":1}},"loc":{"start":{"line":45,"column":7},"end":{"line":47,"column":1}},"line":45}},"f":{"0":0,"1":0,"2":0}}
}
